regularization_factors, val_score: 0.003956:  25%|##5       | 5/20 [00:36<01:42,  6.87s/it]regularization_factors, val_score: 0.003956:  30%|###       | 6/20 [00:36<01:26,  6.18s/it][32m[I 2021-01-11 18:19:07,711][0m Trial 45 finished with value: 0.004113277907206064 and parameters: {'lambda_l1': 0.0008461786378341351, 'lambda_l2': 1.1182843108975197e-08}. Best is trial 40 with value: 0.004049807715265535.[0m
regularization_factors, val_score: 0.003956:  30%|###       | 6/20 [00:36<01:26,  6.18s/it]Training until validation scores don't improve for 100 rounds
[100]	valid_0's binary_logloss: 0.0571511	valid_1's binary_logloss: 0.057043
[200]	valid_0's binary_logloss: 0.0131849	valid_1's binary_logloss: 0.0114718
[300]	valid_0's binary_logloss: 0.00712043	valid_1's binary_logloss: 0.00746189
[400]	valid_0's binary_logloss: 0.00641639	valid_1's binary_logloss: 0.00417007
[500]	valid_0's binary_logloss: 0.00597769	valid_1's binary_logloss: 0.00546378
Early stopping, best iteration is:
[400]	valid_0's binary_logloss: 0.00641639	valid_1's binary_logloss: 0.00417007
regularization_factors, val_score: 0.003956:  30%|###       | 6/20 [00:42<01:26,  6.18s/it]regularization_factors, val_score: 0.003956:  35%|###5      | 7/20 [00:42<01:18,  6.06s/it][32m[I 2021-01-11 18:19:13,508][0m Trial 46 finished with value: 0.004170068740886922 and parameters: {'lambda_l1': 0.00020610414047670354, 'lambda_l2': 2.8176164895541844e-06}. Best is trial 40 with value: 0.004049807715265535.[0m
regularization_factors, val_score: 0.003956:  35%|###5      | 7/20 [00:42<01:18,  6.06s/it]Training until validation scores don't improve for 100 rounds
[100]	valid_0's binary_logloss: 0.0571493	valid_1's binary_logloss: 0.0575411
[200]	valid_0's binary_logloss: 0.0130016	valid_1's binary_logloss: 0.0117711
[300]	valid_0's binary_logloss: 0.00706668	valid_1's binary_logloss: 0.00754099
[400]	valid_0's binary_logloss: 0.00638684	valid_1's binary_logloss: 0.00402334
[500]	valid_0's binary_logloss: 0.00600865	valid_1's binary_logloss: 0.0055996
Early stopping, best iteration is:
[400]	valid_0's binary_logloss: 0.00638684	valid_1's binary_logloss: 0.00402334
regularization_factors, val_score: 0.003956:  35%|###5      | 7/20 [00:47<01:18,  6.06s/it]regularization_factors, val_score: 0.003956:  40%|####      | 8/20 [00:47<01:07,  5.59s/it][32m[I 2021-01-11 18:19:18,096][0m Trial 47 finished with value: 0.004023338597688913 and parameters: {'lambda_l1': 5.988827683713975e-05, 'lambda_l2': 1.212275137272075e-08}. Best is trial 47 with value: 0.004023338597688913.[0m
regularization_factors, val_score: 0.003956:  40%|####      | 8/20 [00:47<01:07,  5.59s/it]Training until validation scores don't improve for 100 rounds
[100]	valid_0's binary_logloss: 0.056284	valid_1's binary_logloss: 0.055722
[200]	valid_0's binary_logloss: 0.0130709	valid_1's binary_logloss: 0.0117296
[300]	valid_0's binary_logloss: 0.00723478	valid_1's binary_logloss: 0.00762529
[400]	valid_0's binary_logloss: 0.00647766	valid_1's binary_logloss: 0.00427841
[500]	valid_0's binary_logloss: 0.00608944	valid_1's binary_logloss: 0.00557762
Early stopping, best iteration is:
[400]	valid_0's binary_logloss: 0.00647766	valid_1's binary_logloss: 0.00427841
regularization_factors, val_score: 0.003956:  40%|####      | 8/20 [00:51<01:07,  5.59s/it]regularization_factors, val_score: 0.003956:  45%|####5     | 9/20 [00:51<00:56,  5.13s/it][32m[I 2021-01-11 18:19:22,223][0m Trial 48 finished with value: 0.004278408465359351 and parameters: {'lambda_l1': 5.137928166326144e-07, 'lambda_l2': 0.005524035597864938}. Best is trial 47 with value: 0.004023338597688913.[0m
regularization_factors, val_score: 0.003956:  45%|####5     | 9/20 [00:51<00:56,  5.13s/it]Training until validation scores don't improve for 100 rounds
[100]	valid_0's binary_logloss: 0.055749	valid_1's binary_logloss: 0.0543061
[200]	valid_0's binary_logloss: 0.0128809	valid_1's binary_logloss: 0.0115
[300]	valid_0's binary_logloss: 0.00704782	valid_1's binary_logloss: 0.00752378
[400]	valid_0's binary_logloss: 0.00643962	valid_1's binary_logloss: 0.00409925
[500]	valid_0's binary_logloss: 0.00603136	valid_1's binary_logloss: 0.00539714
Early stopping, best iteration is:
[400]	valid_0's binary_logloss: 0.00643962	valid_1's binary_logloss: 0.00409925
regularization_factors, val_score: 0.003956:  45%|####5     | 9/20 [00:55<00:56,  5.13s/it]regularization_factors, val_score: 0.003956:  50%|#####     | 10/20 [00:55<00:49,  4.90s/it][32m[I 2021-01-11 18:19:26,610][0m Trial 49 finished with value: 0.004099251240070325 and parameters: {'lambda_l1': 2.617727087400963e-05, 'lambda_l2': 9.836182890871768e-07}. Best is trial 47 with value: 0.004023338597688913.[0m
regularization_factors, val_score: 0.003956:  50%|#####     | 10/20 [00:55<00:49,  4.90s/it]Training until validation scores don't improve for 100 rounds
[100]	valid_0's binary_logloss: 0.060189	valid_1's binary_logloss: 0.0613183
[200]	valid_0's binary_logloss: 0.0159148	valid_1's binary_logloss: 0.0149463
[300]	valid_0's binary_logloss: 0.0093036	valid_1's binary_logloss: 0.00964383
[400]	valid_0's binary_logloss: 0.00794955	valid_1's binary_logloss: 0.0057782
[500]	valid_0's binary_logloss: 0.00720226	valid_1's binary_logloss: 0.00709011
Early stopping, best iteration is:
[400]	valid_0's binary_logloss: 0.00794955	valid_1's binary_logloss: 0.0057782
regularization_factors, val_score: 0.003956:  50%|#####     | 10/20 [00:59<00:49,  4.90s/it]regularization_factors, val_score: 0.003956:  55%|#####5    | 11/20 [00:59<00:42,  4.72s/it][32m[I 2021-01-11 18:19:30,914][0m Trial 50 finished with value: 0.00577820082878784 and parameters: {'lambda_l1': 0.06488126769577014, 'lambda_l2': 0.0005815795394623933}. Best is trial 47 with value: 0.004023338597688913.[0m
regularization_factors, val_score: 0.003956:  55%|#####5    | 11/20 [00:59<00:42,  4.72s/it]Training until validation scores don't improve for 100 rounds
[100]	valid_0's binary_logloss: 0.0562042	valid_1's binary_logloss: 0.0552091
[200]	valid_0's binary_logloss: 0.0130685	valid_1's binary_logloss: 0.0113551
[300]	valid_0's binary_logloss: 0.00721207	valid_1's binary_logloss: 0.00755488
[400]	valid_0's binary_logloss: 0.00651592	valid_1's binary_logloss: 0.00411561
[500]	valid_0's binary_logloss: 0.00608464	valid_1's binary_logloss: 0.00561509
Early stopping, best iteration is:
[400]	valid_0's binary_logloss: 0.00651592	valid_1's binary_logloss: 0.00411561
regularization_factors, val_score: 0.003956:  55%|#####5    | 11/20 [01:04<00:42,  4.72s/it]regularization_factors, val_score: 0.003956:  60%|######    | 12/20 [01:04<00:37,  4.65s/it][32m[I 2021-01-11 18:19:35,392][0m Trial 51 finished with value: 0.0041156062374330905 and parameters: {'lambda_l1': 0.001993410332458461, 'lambda_l2': 1.0808515239359909e-08}. Best is trial 47 with value: 0.004023338597688913.[0m
regularization_factors, val_score: 0.003956:  60%|######    | 12/20 [01:04<00:37,  4.65s/it]Training until validation scores don't improve for 100 rounds
[100]	valid_0's binary_logloss: 0.0568999	valid_1's binary_logloss: 0.057253
[200]	valid_0's binary_logloss: 0.0129854	valid_1's binary_logloss: 0.0116318
[300]	valid_0's binary_logloss: 0.00711123	valid_1's binary_logloss: 0.00779301
[400]	valid_0's binary_logloss: 0.00642804	valid_1's binary_logloss: 0.00407743
[500]	valid_0's binary_logloss: 0.00594803	valid_1's binary_logloss: 0.0052127
Early stopping, best iteration is:
[400]	valid_0's binary_logloss: 0.00642804	valid_1's binary_logloss: 0.00407743
regularization_factors, val_score: 0.003956:  60%|######    | 12/20 [01:08<00:37,  4.65s/it]regularization_factors, val_score: 0.003956:  65%|######5   | 13/20 [01:08<00:32,  4.61s/it][32m[I 2021-01-11 18:19:39,907][0m Trial 52 finished with value: 0.004077434057708041 and parameters: {'lambda_l1': 1.2406196929426384e-05, 'lambda_l2': 1.552432790517556e-07}. Best is trial 47 with value: 0.004023338597688913.[0m
regularization_factors, val_score: 0.003956:  65%|######5   | 13/20 [01:08<00:32,  4.61s/it]Training until validation scores don't improve for 100 rounds
[100]	valid_0's binary_logloss: 0.056281	valid_1's binary_logloss: 0.055852
[200]	valid_0's binary_logloss: 0.0128531	valid_1's binary_logloss: 0.0113402
[300]	valid_0's binary_logloss: 0.00701289	valid_1's binary_logloss: 0.00742498
[400]	valid_0's binary_logloss: 0.00638918	valid_1's binary_logloss: 0.00406105
[500]	valid_0's binary_logloss: 0.0060243	valid_1's binary_logloss: 0.00567305
Early stopping, best iteration is:
[400]	valid_0's binary_logloss: 0.00638918	valid_1's binary_logloss: 0.00406105
regularization_factors, val_score: 0.003956:  65%|######5   | 13/20 [01:13<00:32,  4.61s/it]regularization_factors, val_score: 0.003956:  70%|#######   | 14/20 [01:13<00:27,  4.56s/it][32m[I 2021-01-11 18:19:44,347][0m Trial 53 finished with value: 0.0040610452958588774 and parameters: {'lambda_l1': 5.783148967933355e-06, 'lambda_l2': 3.265304290599164e-07}. Best is trial 47 with value: 0.004023338597688913.[0m
regularization_factors, val_score: 0.003956:  70%|#######   | 14/20 [01:13<00:27,  4.56s/it]Training until validation scores don't improve for 100 rounds
[100]	valid_0's binary_logloss: 0.05689	valid_1's binary_logloss: 0.0578023
[200]	valid_0's binary_logloss: 0.0129021	valid_1's binary_logloss: 0.0114033
[300]	valid_0's binary_logloss: 0.00709452	valid_1's binary_logloss: 0.00753361
[400]	valid_0's binary_logloss: 0.00638288	valid_1's binary_logloss: 0.00416695
[500]	valid_0's binary_logloss: 0.00594288	valid_1's binary_logloss: 0.00533124
Early stopping, best iteration is:
[400]	valid_0's binary_logloss: 0.00638288	valid_1's binary_logloss: 0.00416695
regularization_factors, val_score: 0.003956:  70%|#######   | 14/20 [01:21<00:27,  4.56s/it]regularization_factors, val_score: 0.003956:  75%|#######5  | 15/20 [01:21<00:28,  5.61s/it][32m[I 2021-01-11 18:19:52,404][0m Trial 54 finished with value: 0.004166952447868159 and parameters: {'lambda_l1': 4.345035591456732e-08, 'lambda_l2': 5.123224295789584e-05}. Best is trial 47 with value: 0.004023338597688913.[0m
regularization_factors, val_score: 0.003956:  75%|#######5  | 15/20 [01:21<00:28,  5.61s/it]Training until validation scores don't improve for 100 rounds
[100]	valid_0's binary_logloss: 0.055749	valid_1's binary_logloss: 0.0566264
[200]	valid_0's binary_logloss: 0.0129011	valid_1's binary_logloss: 0.0114155
[300]	valid_0's binary_logloss: 0.00707708	valid_1's binary_logloss: 0.00750639
[400]	valid_0's binary_logloss: 0.00638298	valid_1's binary_logloss: 0.00406013
[500]	valid_0's binary_logloss: 0.00602101	valid_1's binary_logloss: 0.00555083
Early stopping, best iteration is:
[400]	valid_0's binary_logloss: 0.00638298	valid_1's binary_logloss: 0.00406013
regularization_factors, val_score: 0.003956:  75%|#######5  | 15/20 [01:26<00:28,  5.61s/it]regularization_factors, val_score: 0.003956:  80%|########  | 16/20 [01:26<00:21,  5.40s/it][32m[I 2021-01-11 18:19:57,302][0m Trial 55 finished with value: 0.0040601255392917176 and parameters: {'lambda_l1': 4.912545662858768e-07, 'lambda_l2': 2.739540867943054e-07}. Best is trial 47 with value: 0.004023338597688913.[0m
regularization_factors, val_score: 0.003956:  80%|########  | 16/20 [01:26<00:21,  5.40s/it]Training until validation scores don't improve for 100 rounds
[100]	valid_0's binary_logloss: 0.0557252	valid_1's binary_logloss: 0.0556526
[200]	valid_0's binary_logloss: 0.0129041	valid_1's binary_logloss: 0.0116728
[300]	valid_0's binary_logloss: 0.00706276	valid_1's binary_logloss: 0.0073756
[400]	valid_0's binary_logloss: 0.00641826	valid_1's binary_logloss: 0.0040572
[500]	valid_0's binary_logloss: 0.00598761	valid_1's binary_logloss: 0.00552295
Early stopping, best iteration is:
[400]	valid_0's binary_logloss: 0.00641826	valid_1's binary_logloss: 0.0040572
regularization_factors, val_score: 0.003956:  80%|########  | 16/20 [01:31<00:21,  5.40s/it]regularization_factors, val_score: 0.003956:  85%|########5 | 17/20 [01:31<00:15,  5.22s/it][32m[I 2021-01-11 18:20:02,099][0m Trial 56 finished with value: 0.004057197801244025 and parameters: {'lambda_l1': 7.125425881822441e-07, 'lambda_l2': 1.8109203495585173e-07}. Best is trial 47 with value: 0.004023338597688913.[0m
regularization_factors, val_score: 0.003956:  85%|########5 | 17/20 [01:31<00:15,  5.22s/it]Training until validation scores don't improve for 100 rounds
[100]	valid_0's binary_logloss: 0.0565457	valid_1's binary_logloss: 0.0560408
[200]	valid_0's binary_logloss: 0.0129361	valid_1's binary_logloss: 0.0116841
[300]	valid_0's binary_logloss: 0.00708034	valid_1's binary_logloss: 0.00764538
[400]	valid_0's binary_logloss: 0.0064185	valid_1's binary_logloss: 0.00406618
[500]	valid_0's binary_logloss: 0.00595734	valid_1's binary_logloss: 0.00530313
Early stopping, best iteration is:
[400]	valid_0's binary_logloss: 0.0064185	valid_1's binary_logloss: 0.00406618
regularization_factors, val_score: 0.003956:  85%|########5 | 17/20 [01:35<00:15,  5.22s/it]regularization_factors, val_score: 0.003956:  90%|######### | 18/20 [01:35<00:10,  5.04s/it][32m[I 2021-01-11 18:20:06,723][0m Trial 57 finished with value: 0.0040661764990291074 and parameters: {'lambda_l1': 3.973808784900541e-07, 'lambda_l2': 6.810368408727316e-08}. Best is trial 47 with value: 0.004023338597688913.[0m
regularization_factors, val_score: 0.003956:  90%|######### | 18/20 [01:35<00:10,  5.04s/it]Training until validation scores don't improve for 100 rounds
[100]	valid_0's binary_logloss: 0.0553876	valid_1's binary_logloss: 0.0550393
[200]	valid_0's binary_logloss: 0.0127893	valid_1's binary_logloss: 0.0119133
[300]	valid_0's binary_logloss: 0.007059	valid_1's binary_logloss: 0.00745788
[400]	valid_0's binary_logloss: 0.00641633	valid_1's binary_logloss: 0.0040857
[500]	valid_0's binary_logloss: 0.00604	valid_1's binary_logloss: 0.00575118
Early stopping, best iteration is:
[400]	valid_0's binary_logloss: 0.00641633	valid_1's binary_logloss: 0.0040857
regularization_factors, val_score: 0.003956:  90%|######### | 18/20 [01:40<00:10,  5.04s/it]regularization_factors, val_score: 0.003956:  95%|#########5| 19/20 [01:40<00:04,  4.88s/it][32m[I 2021-01-11 18:20:11,244][0m Trial 58 finished with value: 0.00408570103769275 and parameters: {'lambda_l1': 4.581798396264908e-07, 'lambda_l2': 1.9527607569734803e-07}. Best is trial 47 with value: 0.004023338597688913.[0m
regularization_factors, val_score: 0.003956:  95%|#########5| 19/20 [01:40<00:04,  4.88s/it]Training until validation scores don't improve for 100 rounds
[100]	valid_0's binary_logloss: 0.05547	valid_1's binary_logloss: 0.0557498
[200]	valid_0's binary_logloss: 0.0126138	valid_1's binary_logloss: 0.0117428
[300]	valid_0's binary_logloss: 0.00706131	valid_1's binary_logloss: 0.00766596
[400]	valid_0's binary_logloss: 0.00645271	valid_1's binary_logloss: 0.00400365
[500]	valid_0's binary_logloss: 0.00603302	valid_1's binary_logloss: 0.00530488
Early stopping, best iteration is:
[400]	valid_0's binary_logloss: 0.00645271	valid_1's binary_logloss: 0.00400365
regularization_factors, val_score: 0.003956:  95%|#########5| 19/20 [01:45<00:04,  4.88s/it]regularization_factors, val_score: 0.003956: 100%|##########| 20/20 [01:45<00:00,  4.91s/it][32m[I 2021-01-11 18:20:16,219][0m Trial 59 finished with value: 0.004003645356276394 and parameters: {'lambda_l1': 6.1510359923084e-05, 'lambda_l2': 8.213426689843915e-06}. Best is trial 59 with value: 0.004003645356276394.[0m
regularization_factors, val_score: 0.003956: 100%|##########| 20/20 [01:45<00:00,  5.26s/it]
  0%|          | 0/5 [00:00<?, ?it/s]min_data_in_leaf, val_score: 0.003956:   0%|          | 0/5 [00:00<?, ?it/s]Training until validation scores don't improve for 100 rounds
[100]	valid_0's binary_logloss: 0.0199884	valid_1's binary_logloss: 0.0202963
[200]	valid_0's binary_logloss: 0.00702527	valid_1's binary_logloss: 0.00554696
[300]	valid_0's binary_logloss: 12.7874	valid_1's binary_logloss: 12.632
Early stopping, best iteration is:
[211]	valid_0's binary_logloss: 0.00681775	valid_1's binary_logloss: 0.00545442
min_data_in_leaf, val_score: 0.003956:   0%|          | 0/5 [00:04<?, ?it/s]min_data_in_leaf, val_score: 0.003956:  20%|##        | 1/5 [00:04<00:19,  4.84s/it][32m[I 2021-01-11 18:20:21,069][0m Trial 60 finished with value: 0.005454416290035374 and parameters: {'min_child_samples': 5}. Best is trial 60 with value: 0.005454416290035374.[0m
min_data_in_leaf, val_score: 0.003956:  20%|##        | 1/5 [00:04<00:19,  4.84s/it]Training until validation scores don't improve for 100 rounds
[100]	valid_0's binary_logloss: 0.0288514	valid_1's binary_logloss: 0.0297859
[200]	valid_0's binary_logloss: 0.0078967	valid_1's binary_logloss: 0.00644898
[300]	valid_0's binary_logloss: 0.00614981	valid_1's binary_logloss: 0.00663663
[400]	valid_0's binary_logloss: 0.00625443	valid_1's binary_logloss: 0.00386655
Early stopping, best iteration is:
[337]	valid_0's binary_logloss: 0.00585215	valid_1's binary_logloss: 0.00620729
min_data_in_leaf, val_score: 0.003956:  20%|##        | 1/5 [00:10<00:19,  4.84s/it]min_data_in_leaf, val_score: 0.003956:  40%|####      | 2/5 [00:10<00:16,  5.34s/it][32m[I 2021-01-11 18:20:26,753][0m Trial 61 finished with value: 0.006207289622046906 and parameters: {'min_child_samples': 10}. Best is trial 60 with value: 0.005454416290035374.[0m
min_data_in_leaf, val_score: 0.003956:  40%|####      | 2/5 [00:10<00:16,  5.34s/it]Training until validation scores don't improve for 100 rounds
[100]	valid_0's binary_logloss: 0.254383	valid_1's binary_logloss: 0.256392
[200]	valid_0's binary_logloss: 0.142229	valid_1's binary_logloss: 0.14184
[300]	valid_0's binary_logloss: 0.082892	valid_1's binary_logloss: 0.0838643
[400]	valid_0's binary_logloss: 0.0508354	valid_1's binary_logloss: 0.0499737
[500]	valid_0's binary_logloss: 0.0323865	valid_1's binary_logloss: 0.0324221
[600]	valid_0's binary_logloss: 0.0221179	valid_1's binary_logloss: 0.0216195
[700]	valid_0's binary_logloss: 0.0159493	valid_1's binary_logloss: 0.016617
[800]	valid_0's binary_logloss: 0.0124687	valid_1's binary_logloss: 0.0122454
[900]	valid_0's binary_logloss: 0.0102914	valid_1's binary_logloss: 0.0113045
[1000]	valid_0's binary_logloss: 0.00929987	valid_1's binary_logloss: 0.00817941
Did not meet early stopping. Best iteration is:
[985]	valid_0's binary_logloss: 0.00898196	valid_1's binary_logloss: 0.00929375
min_data_in_leaf, val_score: 0.003956:  40%|####      | 2/5 [00:13<00:16,  5.34s/it]min_data_in_leaf, val_score: 0.003956:  60%|######    | 3/5 [00:13<00:08,  4.46s/it][32m[I 2021-01-11 18:20:30,176][0m Trial 62 finished with value: 0.009293745091075473 and parameters: {'min_child_samples': 100}. Best is trial 60 with value: 0.005454416290035374.[0m
min_data_in_leaf, val_score: 0.003956:  60%|######    | 3/5 [00:13<00:08,  4.46s/it]Training until validation scores don't improve for 100 rounds
[100]	valid_0's binary_logloss: 0.0715933	valid_1's binary_logloss: 0.0716408
[200]	valid_0's binary_logloss: 0.01709	valid_1's binary_logloss: 0.0158523
[300]	valid_0's binary_logloss: 0.00821054	valid_1's binary_logloss: 0.00864935
[400]	valid_0's binary_logloss: 0.00665441	valid_1's binary_logloss: 0.00439627
[500]	valid_0's binary_logloss: 0.00610722	valid_1's binary_logloss: 0.00575001
Early stopping, best iteration is:
[400]	valid_0's binary_logloss: 0.00665441	valid_1's binary_logloss: 0.00439627
min_data_in_leaf, val_score: 0.003956:  60%|######    | 3/5 [00:17<00:08,  4.46s/it]min_data_in_leaf, val_score: 0.003956:  80%|########  | 4/5 [00:17<00:04,  4.16s/it][32m[I 2021-01-11 18:20:33,878][0m Trial 63 finished with value: 0.004396265459236126 and parameters: {'min_child_samples': 25}. Best is trial 63 with value: 0.004396265459236126.[0m
min_data_in_leaf, val_score: 0.003956:  80%|########  | 4/5 [00:17<00:04,  4.16s/it]Training until validation scores don't improve for 100 rounds
[100]	valid_0's binary_logloss: 0.150483	valid_1's binary_logloss: 0.150942
[200]	valid_0's binary_logloss: 0.0524676	valid_1's binary_logloss: 0.0523851
[300]	valid_0's binary_logloss: 0.022604	valid_1's binary_logloss: 0.0233777
[400]	valid_0's binary_logloss: 0.0124975	valid_1's binary_logloss: 0.0101664
[500]	valid_0's binary_logloss: 0.00844711	valid_1's binary_logloss: 0.00803851
[600]	valid_0's binary_logloss: 0.00739477	valid_1's binary_logloss: 0.0065263
[700]	valid_0's binary_logloss: 0.00679723	valid_1's binary_logloss: 0.0079551
Early stopping, best iteration is:
[608]	valid_0's binary_logloss: 0.00699232	valid_1's binary_logloss: 0.00583791
