regularization_factors, val_score: 0.477107:  10%|#         | 2/20 [00:08<01:12,  4.05s/it][A[32m[I 2021-01-11 18:47:13,768][0m Trial 41 finished with value: 0.4771070850344955 and parameters: {'lambda_l1': 2.6356988902028416e-08, 'lambda_l2': 1.6791338028157618e-08}. Best is trial 40 with value: 0.4771070849575323.[0m

regularization_factors, val_score: 0.477107:  10%|#         | 2/20 [00:08<01:12,  4.05s/it][A
regularization_factors, val_score: 0.477107:  10%|#         | 2/20 [00:12<01:12,  4.05s/it][A
regularization_factors, val_score: 0.477107:  15%|#5        | 3/20 [00:12<01:12,  4.26s/it][A[32m[I 2021-01-11 18:47:18,274][0m Trial 42 finished with value: 0.4771070850606643 and parameters: {'lambda_l1': 1.4043651030368814e-08, 'lambda_l2': 1.3046314744488903e-08}. Best is trial 40 with value: 0.4771070849575323.[0m

regularization_factors, val_score: 0.477107:  15%|#5        | 3/20 [00:12<01:12,  4.26s/it][A
regularization_factors, val_score: 0.477107:  15%|#5        | 3/20 [00:16<01:12,  4.26s/it][A
regularization_factors, val_score: 0.477107:  20%|##        | 4/20 [00:16<01:06,  4.16s/it][A[32m[I 2021-01-11 18:47:22,276][0m Trial 43 finished with value: 0.4771070850560446 and parameters: {'lambda_l1': 1.7383338000408736e-08, 'lambda_l2': 1.1100879736192233e-08}. Best is trial 40 with value: 0.4771070849575323.[0m

regularization_factors, val_score: 0.477107:  20%|##        | 4/20 [00:16<01:06,  4.16s/it][A
regularization_factors, val_score: 0.477107:  20%|##        | 4/20 [00:21<01:06,  4.16s/it][A
regularization_factors, val_score: 0.477107:  25%|##5       | 5/20 [00:21<01:05,  4.36s/it][A[32m[I 2021-01-11 18:47:27,003][0m Trial 44 finished with value: 0.4771070850615956 and parameters: {'lambda_l1': 1.238693469618971e-08, 'lambda_l2': 1.2624887246923696e-08}. Best is trial 40 with value: 0.4771070849575323.[0m

regularization_factors, val_score: 0.477107:  25%|##5       | 5/20 [00:21<01:05,  4.36s/it][A
regularization_factors, val_score: 0.477107:  25%|##5       | 5/20 [00:25<01:05,  4.36s/it][A
regularization_factors, val_score: 0.477107:  30%|###       | 6/20 [00:25<00:58,  4.20s/it][A[32m[I 2021-01-11 18:47:30,891][0m Trial 45 finished with value: 0.47710708505247884 and parameters: {'lambda_l1': 1.542105391248215e-08, 'lambda_l2': 1.4592540298359227e-08}. Best is trial 40 with value: 0.4771070849575323.[0m

regularization_factors, val_score: 0.477107:  30%|###       | 6/20 [00:25<00:58,  4.20s/it][A
regularization_factors, val_score: 0.477107:  30%|###       | 6/20 [00:29<00:58,  4.20s/it][A
regularization_factors, val_score: 0.477107:  35%|###5      | 7/20 [00:29<00:53,  4.15s/it][A[32m[I 2021-01-11 18:47:34,932][0m Trial 46 finished with value: 0.4771070850378593 and parameters: {'lambda_l1': 1.7544107686352183e-08, 'lambda_l2': 2.3887981003783798e-08}. Best is trial 40 with value: 0.4771070849575323.[0m

regularization_factors, val_score: 0.477107:  35%|###5      | 7/20 [00:29<00:53,  4.15s/it][A
regularization_factors, val_score: 0.477107:  35%|###5      | 7/20 [00:33<00:53,  4.15s/it][A
regularization_factors, val_score: 0.477107:  40%|####      | 8/20 [00:33<00:51,  4.27s/it][A[32m[I 2021-01-11 18:47:39,472][0m Trial 47 finished with value: 0.47710708504518207 and parameters: {'lambda_l1': 1.9422955447566e-08, 'lambda_l2': 1.706148999678785e-08}. Best is trial 40 with value: 0.4771070849575323.[0m

regularization_factors, val_score: 0.477107:  40%|####      | 8/20 [00:33<00:51,  4.27s/it][A
regularization_factors, val_score: 0.477107:  40%|####      | 8/20 [00:38<00:51,  4.27s/it][A
regularization_factors, val_score: 0.477107:  45%|####5     | 9/20 [00:38<00:47,  4.36s/it][A[32m[I 2021-01-11 18:47:44,010][0m Trial 48 finished with value: 0.47710708502334026 and parameters: {'lambda_l1': 2.554424506697604e-08, 'lambda_l2': 2.2150947294715655e-08}. Best is trial 40 with value: 0.4771070849575323.[0m

regularization_factors, val_score: 0.477107:  45%|####5     | 9/20 [00:38<00:47,  4.36s/it][A
regularization_factors, val_score: 0.477107:  45%|####5     | 9/20 [00:46<00:47,  4.36s/it][A
regularization_factors, val_score: 0.477107:  50%|#####     | 10/20 [00:46<00:54,  5.46s/it][A[32m[I 2021-01-11 18:47:51,925][0m Trial 49 finished with value: 0.4771070849086015 and parameters: {'lambda_l1': 6.92084581874273e-08, 'lambda_l2': 6.023537289591982e-08}. Best is trial 49 with value: 0.4771070849086015.[0m

regularization_factors, val_score: 0.477107:  50%|#####     | 10/20 [00:46<00:54,  5.46s/it][A
regularization_factors, val_score: 0.477107:  50%|#####     | 10/20 [00:50<00:54,  5.46s/it][A
regularization_factors, val_score: 0.477107:  55%|#####5    | 11/20 [00:50<00:44,  4.99s/it][A[32m[I 2021-01-11 18:47:55,862][0m Trial 50 finished with value: 0.47710706993737706 and parameters: {'lambda_l1': 3.943670083714442e-06, 'lambda_l2': 6.8796886642173765e-06}. Best is trial 50 with value: 0.47710706993737706.[0m

regularization_factors, val_score: 0.477107:  55%|#####5    | 11/20 [00:50<00:44,  4.99s/it][A
regularization_factors, val_score: 0.477074:  55%|#####5    | 11/20 [00:54<00:44,  4.99s/it][A
regularization_factors, val_score: 0.477074:  60%|######    | 12/20 [00:54<00:38,  4.84s/it][A[32m[I 2021-01-11 18:48:00,355][0m Trial 51 finished with value: 0.4770740155782224 and parameters: {'lambda_l1': 9.782321713074196e-06, 'lambda_l2': 4.740412198927029e-05}. Best is trial 51 with value: 0.4770740155782224.[0m

regularization_factors, val_score: 0.477074:  60%|######    | 12/20 [00:54<00:38,  4.84s/it][A
regularization_factors, val_score: 0.477074:  60%|######    | 12/20 [00:59<00:38,  4.84s/it][A
regularization_factors, val_score: 0.477074:  65%|######5   | 13/20 [00:59<00:33,  4.73s/it][A[32m[I 2021-01-11 18:48:04,846][0m Trial 52 finished with value: 0.4770740083691759 and parameters: {'lambda_l1': 2.8287534381273412e-05, 'lambda_l2': 3.2575175778530355e-05}. Best is trial 52 with value: 0.4770740083691759.[0m

regularization_factors, val_score: 0.477074:  65%|######5   | 13/20 [00:59<00:33,  4.73s/it][A
regularization_factors, val_score: 0.477074:  65%|######5   | 13/20 [01:03<00:33,  4.73s/it][A
regularization_factors, val_score: 0.477074:  70%|#######   | 14/20 [01:03<00:27,  4.52s/it][A[32m[I 2021-01-11 18:48:08,865][0m Trial 53 finished with value: 0.47776498729582945 and parameters: {'lambda_l1': 6.386824555941658e-05, 'lambda_l2': 6.199734193553801e-05}. Best is trial 52 with value: 0.4770740083691759.[0m

regularization_factors, val_score: 0.477074:  70%|#######   | 14/20 [01:03<00:27,  4.52s/it][A
regularization_factors, val_score: 0.477074:  70%|#######   | 14/20 [01:07<00:27,  4.52s/it][A
regularization_factors, val_score: 0.477074:  75%|#######5  | 15/20 [01:07<00:22,  4.56s/it][A[32m[I 2021-01-11 18:48:13,511][0m Trial 54 finished with value: 0.47776505598150953 and parameters: {'lambda_l1': 2.321929290653614e-05, 'lambda_l2': 5.7593384679577033e-05}. Best is trial 52 with value: 0.4770740083691759.[0m

regularization_factors, val_score: 0.477074:  75%|#######5  | 15/20 [01:07<00:22,  4.56s/it][A
regularization_factors, val_score: 0.477074:  75%|#######5  | 15/20 [01:12<00:22,  4.56s/it][A
regularization_factors, val_score: 0.477074:  80%|########  | 16/20 [01:12<00:17,  4.42s/it][A[32m[I 2021-01-11 18:48:17,602][0m Trial 55 finished with value: 0.4771070761877237 and parameters: {'lambda_l1': 2.735912029272166e-06, 'lambda_l2': 3.5638752056535724e-06}. Best is trial 52 with value: 0.4770740083691759.[0m

regularization_factors, val_score: 0.477074:  80%|########  | 16/20 [01:12<00:17,  4.42s/it][A
regularization_factors, val_score: 0.477074:  80%|########  | 16/20 [01:16<00:17,  4.42s/it][A
regularization_factors, val_score: 0.477074:  85%|########5 | 17/20 [01:16<00:13,  4.46s/it][A[32m[I 2021-01-11 18:48:22,176][0m Trial 56 finished with value: 0.47710707770546 and parameters: {'lambda_l1': 2.457437160968973e-06, 'lambda_l2': 2.7799230834425267e-06}. Best is trial 52 with value: 0.4770740083691759.[0m

regularization_factors, val_score: 0.477074:  85%|########5 | 17/20 [01:16<00:13,  4.46s/it][A
regularization_factors, val_score: 0.477074:  85%|########5 | 17/20 [01:20<00:13,  4.46s/it][A
regularization_factors, val_score: 0.477074:  90%|######### | 18/20 [01:20<00:08,  4.35s/it][A[32m[I 2021-01-11 18:48:26,258][0m Trial 57 finished with value: 0.4771070786989403 and parameters: {'lambda_l1': 1.9880497238105075e-06, 'lambda_l2': 2.538443941154229e-06}. Best is trial 52 with value: 0.4770740083691759.[0m

regularization_factors, val_score: 0.477074:  90%|######### | 18/20 [01:20<00:08,  4.35s/it][A
regularization_factors, val_score: 0.477074:  90%|######### | 18/20 [01:24<00:08,  4.35s/it][A
regularization_factors, val_score: 0.477074:  95%|#########5| 19/20 [01:24<00:04,  4.22s/it][A[32m[I 2021-01-11 18:48:30,192][0m Trial 58 finished with value: 0.47710707641132155 and parameters: {'lambda_l1': 2.660917465030981e-06, 'lambda_l2': 3.499314631808427e-06}. Best is trial 52 with value: 0.4770740083691759.[0m

regularization_factors, val_score: 0.477074:  95%|#########5| 19/20 [01:24<00:04,  4.22s/it][A
regularization_factors, val_score: 0.477074:  95%|#########5| 19/20 [01:28<00:04,  4.22s/it][A
regularization_factors, val_score: 0.477074: 100%|##########| 20/20 [01:28<00:00,  4.16s/it][A[32m[I 2021-01-11 18:48:34,193][0m Trial 59 finished with value: 0.4771070785271119 and parameters: {'lambda_l1': 2.4097520108040176e-06, 'lambda_l2': 2.195991358239139e-06}. Best is trial 52 with value: 0.4770740083691759.[0m
regularization_factors, val_score: 0.477074: 100%|##########| 20/20 [01:28<00:00,  4.43s/it]

  0%|          | 0/5 [00:00<?, ?it/s][A
min_data_in_leaf, val_score: 0.477074:   0%|          | 0/5 [00:00<?, ?it/s][A
min_data_in_leaf, val_score: 0.474299:   0%|          | 0/5 [00:03<?, ?it/s][A
min_data_in_leaf, val_score: 0.474299:  20%|##        | 1/5 [00:03<00:14,  3.50s/it][A[32m[I 2021-01-11 18:48:37,700][0m Trial 60 finished with value: 0.47429871087533326 and parameters: {'min_child_samples': 100}. Best is trial 60 with value: 0.47429871087533326.[0m

min_data_in_leaf, val_score: 0.474299:  20%|##        | 1/5 [00:03<00:14,  3.50s/it][A
min_data_in_leaf, val_score: 0.474299:  20%|##        | 1/5 [00:07<00:14,  3.50s/it][A
min_data_in_leaf, val_score: 0.474299:  40%|####      | 2/5 [00:07<00:11,  3.93s/it][A[32m[I 2021-01-11 18:48:41,928][0m Trial 61 finished with value: 0.47691118809721794 and parameters: {'min_child_samples': 50}. Best is trial 60 with value: 0.47429871087533326.[0m

min_data_in_leaf, val_score: 0.474299:  40%|####      | 2/5 [00:07<00:11,  3.93s/it][A
min_data_in_leaf, val_score: 0.474299:  40%|####      | 2/5 [00:12<00:11,  3.93s/it][A
min_data_in_leaf, val_score: 0.474299:  60%|######    | 3/5 [00:12<00:08,  4.19s/it][A[32m[I 2021-01-11 18:48:46,433][0m Trial 62 finished with value: 0.47906406250186073 and parameters: {'min_child_samples': 10}. Best is trial 60 with value: 0.47429871087533326.[0m

min_data_in_leaf, val_score: 0.474299:  60%|######    | 3/5 [00:12<00:08,  4.19s/it][A
min_data_in_leaf, val_score: 0.474299:  60%|######    | 3/5 [00:17<00:08,  4.19s/it][A
min_data_in_leaf, val_score: 0.474299:  80%|########  | 4/5 [00:17<00:04,  4.43s/it][A[32m[I 2021-01-11 18:48:51,219][0m Trial 63 finished with value: 0.4830380768292626 and parameters: {'min_child_samples': 5}. Best is trial 60 with value: 0.47429871087533326.[0m

min_data_in_leaf, val_score: 0.474299:  80%|########  | 4/5 [00:17<00:04,  4.43s/it][A
min_data_in_leaf, val_score: 0.474299:  80%|########  | 4/5 [00:22<00:04,  4.43s/it][A
min_data_in_leaf, val_score: 0.474299: 100%|##########| 5/5 [00:22<00:00,  4.76s/it][A[32m[I 2021-01-11 18:48:56,565][0m Trial 64 finished with value: 0.47939747890898265 and parameters: {'min_child_samples': 25}. Best is trial 60 with value: 0.47429871087533326.[0m
min_data_in_leaf, val_score: 0.474299: 100%|##########| 5/5 [00:22<00:00,  4.47s/it]
Best score: 0.47429871087533326
Best params: {'objective': 'binary', 'metric': 'binary_logloss', 'verbosity': -1, 'boosting_type': 'gbdt', 'feature_pre_filter': False, 'lambda_l1': 2.8287534381273412e-05, 'lambda_l2': 3.2575175778530355e-05, 'num_leaves': 31, 'feature_fraction': 0.4, 'bagging_fraction': 1.0, 'bagging_freq': 0, 'min_child_samples': 100}
  Params: 
	objective: binary
	metric: binary_logloss
	verbosity: -1
	boosting_type: gbdt
	feature_pre_filter: False
	lambda_l1: 0.0
	lambda_l2: 0.0
	num_leaves: 256
	feature_fraction: 1.0
	bagging_fraction: 0.452599666040136
	bagging_freq: 4
	min_child_samples: 20
	num_iterations: 1000
	early_stopping_round: 100
CPU times: user 2h 42min 12s, sys: 24.8 s, total: 2h 42min 37s
Wall time: 5min 55s
