num_leaves, val_score: 0.005618:  90%|######### | 18/20 [02:32<00:16,  8.22s/it]num_leaves, val_score: 0.005618:  95%|#########5| 19/20 [02:32<00:08,  8.69s/it][32m[I 2021-01-11 18:17:09,637][0m Trial 25 finished with value: 0.005618395921796806 and parameters: {'num_leaves': 190}. Best is trial 14 with value: 0.005618167317396328.[0m
num_leaves, val_score: 0.005618:  95%|#########5| 19/20 [02:32<00:08,  8.69s/it]Training until validation scores don't improve for 100 rounds
[100]	valid_0's binary_logloss: 0.056978	valid_1's binary_logloss: 0.0577905
[200]	valid_0's binary_logloss: 0.0129906	valid_1's binary_logloss: 0.0131279
[300]	valid_0's binary_logloss: 0.00687923	valid_1's binary_logloss: 0.00699282
[400]	valid_0's binary_logloss: 0.00584358	valid_1's binary_logloss: 0.00592884
[500]	valid_0's binary_logloss: 0.00561751	valid_1's binary_logloss: 0.0056896
[600]	valid_0's binary_logloss: 0.00556422	valid_1's binary_logloss: 0.00563206
[700]	valid_0's binary_logloss: 0.00555615	valid_1's binary_logloss: 0.00562432
[800]	valid_0's binary_logloss: 0.00555349	valid_1's binary_logloss: 0.00562157
[900]	valid_0's binary_logloss: 0.00555221	valid_1's binary_logloss: 0.00562046
[1000]	valid_0's binary_logloss: 0.00555143	valid_1's binary_logloss: 0.00561949
Did not meet early stopping. Best iteration is:
[1000]	valid_0's binary_logloss: 0.00555143	valid_1's binary_logloss: 0.00561949
num_leaves, val_score: 0.005618:  95%|#########5| 19/20 [02:49<00:08,  8.69s/it]num_leaves, val_score: 0.005618: 100%|##########| 20/20 [02:49<00:00, 11.14s/it][32m[I 2021-01-11 18:17:26,497][0m Trial 26 finished with value: 0.005619492885170003 and parameters: {'num_leaves': 81}. Best is trial 14 with value: 0.005618167317396328.[0m
num_leaves, val_score: 0.005618: 100%|##########| 20/20 [02:49<00:00,  8.49s/it]
  0%|          | 0/10 [00:00<?, ?it/s]bagging, val_score: 0.005618:   0%|          | 0/10 [00:00<?, ?it/s]Training until validation scores don't improve for 100 rounds
[100]	valid_0's binary_logloss: 0.0558711	valid_1's binary_logloss: 0.0558301
[200]	valid_0's binary_logloss: 0.0129139	valid_1's binary_logloss: 0.0118401
[300]	valid_0's binary_logloss: 0.00702112	valid_1's binary_logloss: 0.00745213
[400]	valid_0's binary_logloss: 0.00639513	valid_1's binary_logloss: 0.00395622
[500]	valid_0's binary_logloss: 0.00597459	valid_1's binary_logloss: 0.00553243
Early stopping, best iteration is:
[400]	valid_0's binary_logloss: 0.00639513	valid_1's binary_logloss: 0.00395622
bagging, val_score: 0.003956:   0%|          | 0/10 [00:06<?, ?it/s]bagging, val_score: 0.003956:  10%|#         | 1/10 [00:06<00:54,  6.01s/it][32m[I 2021-01-11 18:17:32,509][0m Trial 27 finished with value: 0.0039562226506987715 and parameters: {'bagging_fraction': 0.452599666040136, 'bagging_freq': 4}. Best is trial 27 with value: 0.0039562226506987715.[0m
bagging, val_score: 0.003956:  10%|#         | 1/10 [00:06<00:54,  6.01s/it]Training until validation scores don't improve for 100 rounds
[100]	valid_0's binary_logloss: 0.0669652	valid_1's binary_logloss: 0.0685172
[200]	valid_0's binary_logloss: 0.0155764	valid_1's binary_logloss: 0.0145917
[300]	valid_0's binary_logloss: 0.00780265	valid_1's binary_logloss: 0.00834604
[400]	valid_0's binary_logloss: 0.00650587	valid_1's binary_logloss: 0.00441182
[500]	valid_0's binary_logloss: 0.00604589	valid_1's binary_logloss: 0.00572654
Early stopping, best iteration is:
[400]	valid_0's binary_logloss: 0.00650587	valid_1's binary_logloss: 0.00441182
bagging, val_score: 0.003956:  10%|#         | 1/10 [00:10<00:54,  6.01s/it]bagging, val_score: 0.003956:  20%|##        | 2/10 [00:10<00:42,  5.30s/it][32m[I 2021-01-11 18:17:37,313][0m Trial 28 finished with value: 0.004411816365747663 and parameters: {'bagging_fraction': 0.4158690298604505, 'bagging_freq': 4}. Best is trial 27 with value: 0.0039562226506987715.[0m
bagging, val_score: 0.003956:  20%|##        | 2/10 [00:10<00:42,  5.30s/it]Training until validation scores don't improve for 100 rounds
[100]	valid_0's binary_logloss: 0.0698269	valid_1's binary_logloss: 0.0687348
[200]	valid_0's binary_logloss: 0.0161597	valid_1's binary_logloss: 0.0153216
[300]	valid_0's binary_logloss: 0.0079634	valid_1's binary_logloss: 0.00871636
[400]	valid_0's binary_logloss: 0.00659128	valid_1's binary_logloss: 0.00442104
[500]	valid_0's binary_logloss: 0.00598721	valid_1's binary_logloss: 0.00549893
Early stopping, best iteration is:
[400]	valid_0's binary_logloss: 0.00659128	valid_1's binary_logloss: 0.00442104
bagging, val_score: 0.003956:  20%|##        | 2/10 [00:15<00:42,  5.30s/it]bagging, val_score: 0.003956:  30%|###       | 3/10 [00:15<00:36,  5.17s/it][32m[I 2021-01-11 18:17:42,324][0m Trial 29 finished with value: 0.004421035981049639 and parameters: {'bagging_fraction': 0.40480646057644076, 'bagging_freq': 4}. Best is trial 27 with value: 0.0039562226506987715.[0m
bagging, val_score: 0.003956:  30%|###       | 3/10 [00:15<00:36,  5.17s/it]Training until validation scores don't improve for 100 rounds
[100]	valid_0's binary_logloss: 0.060237	valid_1's binary_logloss: 0.0587966
[200]	valid_0's binary_logloss: 0.0136475	valid_1's binary_logloss: 0.0124342
[300]	valid_0's binary_logloss: 0.00727676	valid_1's binary_logloss: 0.0076088
[400]	valid_0's binary_logloss: 0.00646629	valid_1's binary_logloss: 0.00416037
[500]	valid_0's binary_logloss: 0.00598439	valid_1's binary_logloss: 0.00567007
Early stopping, best iteration is:
[400]	valid_0's binary_logloss: 0.00646629	valid_1's binary_logloss: 0.00416037
bagging, val_score: 0.003956:  30%|###       | 3/10 [00:20<00:36,  5.17s/it]bagging, val_score: 0.003956:  40%|####      | 4/10 [00:20<00:30,  5.01s/it][32m[I 2021-01-11 18:17:47,097][0m Trial 30 finished with value: 0.004160366199468001 and parameters: {'bagging_fraction': 0.43982700280418097, 'bagging_freq': 4}. Best is trial 27 with value: 0.0039562226506987715.[0m
bagging, val_score: 0.003956:  40%|####      | 4/10 [00:20<00:30,  5.01s/it]Training until validation scores don't improve for 100 rounds
[100]	valid_0's binary_logloss: 0.0667691	valid_1's binary_logloss: 0.0678072
[200]	valid_0's binary_logloss: 0.0159362	valid_1's binary_logloss: 0.0150313
[300]	valid_0's binary_logloss: 0.00790389	valid_1's binary_logloss: 0.00861822
[400]	valid_0's binary_logloss: 0.00660286	valid_1's binary_logloss: 0.00436343
[500]	valid_0's binary_logloss: 0.00607781	valid_1's binary_logloss: 0.00561336
Early stopping, best iteration is:
[400]	valid_0's binary_logloss: 0.00660286	valid_1's binary_logloss: 0.00436343
bagging, val_score: 0.003956:  40%|####      | 4/10 [00:26<00:30,  5.01s/it]bagging, val_score: 0.003956:  50%|#####     | 5/10 [00:26<00:26,  5.30s/it][32m[I 2021-01-11 18:17:52,905][0m Trial 31 finished with value: 0.004363433151812506 and parameters: {'bagging_fraction': 0.41053653602597534, 'bagging_freq': 4}. Best is trial 27 with value: 0.0039562226506987715.[0m
bagging, val_score: 0.003956:  50%|#####     | 5/10 [00:26<00:26,  5.30s/it]Training until validation scores don't improve for 100 rounds
[100]	valid_0's binary_logloss: 0.0661973	valid_1's binary_logloss: 0.0666978
[200]	valid_0's binary_logloss: 0.0157135	valid_1's binary_logloss: 0.0149453
[300]	valid_0's binary_logloss: 0.00779918	valid_1's binary_logloss: 0.00842172
[400]	valid_0's binary_logloss: 0.00660988	valid_1's binary_logloss: 0.00434166
[500]	valid_0's binary_logloss: 0.0060187	valid_1's binary_logloss: 0.00544077
Early stopping, best iteration is:
[400]	valid_0's binary_logloss: 0.00660988	valid_1's binary_logloss: 0.00434166
bagging, val_score: 0.003956:  50%|#####     | 5/10 [00:33<00:26,  5.30s/it]bagging, val_score: 0.003956:  60%|######    | 6/10 [00:33<00:23,  5.89s/it][32m[I 2021-01-11 18:17:59,940][0m Trial 32 finished with value: 0.004341664437100697 and parameters: {'bagging_fraction': 0.41683657053012946, 'bagging_freq': 4}. Best is trial 27 with value: 0.0039562226506987715.[0m
bagging, val_score: 0.003956:  60%|######    | 6/10 [00:33<00:23,  5.89s/it]Training until validation scores don't improve for 100 rounds
[100]	valid_0's binary_logloss: 0.0615784	valid_1's binary_logloss: 0.0616205
[200]	valid_0's binary_logloss: 0.0141934	valid_1's binary_logloss: 0.0134551
[300]	valid_0's binary_logloss: 0.0073924	valid_1's binary_logloss: 0.0079716
[400]	valid_0's binary_logloss: 0.0065278	valid_1's binary_logloss: 0.00417461
[500]	valid_0's binary_logloss: 0.00597843	valid_1's binary_logloss: 0.00534497
Early stopping, best iteration is:
[400]	valid_0's binary_logloss: 0.0065278	valid_1's binary_logloss: 0.00417461
bagging, val_score: 0.003956:  60%|######    | 6/10 [00:37<00:23,  5.89s/it]bagging, val_score: 0.003956:  70%|#######   | 7/10 [00:37<00:16,  5.37s/it][32m[I 2021-01-11 18:18:04,232][0m Trial 33 finished with value: 0.004174612915461341 and parameters: {'bagging_fraction': 0.4317275749785896, 'bagging_freq': 4}. Best is trial 27 with value: 0.0039562226506987715.[0m
bagging, val_score: 0.003956:  70%|#######   | 7/10 [00:37<00:16,  5.37s/it]Training until validation scores don't improve for 100 rounds
[100]	valid_0's binary_logloss: 0.0514784	valid_1's binary_logloss: 0.0524975
[200]	valid_0's binary_logloss: 0.0117586	valid_1's binary_logloss: 0.0103113
[300]	valid_0's binary_logloss: 0.00686032	valid_1's binary_logloss: 0.00728344
[400]	valid_0's binary_logloss: 0.0063998	valid_1's binary_logloss: 0.00414249
[500]	valid_0's binary_logloss: 0.0059078	valid_1's binary_logloss: 0.00522726
Early stopping, best iteration is:
[400]	valid_0's binary_logloss: 0.0063998	valid_1's binary_logloss: 0.00414249
bagging, val_score: 0.003956:  70%|#######   | 7/10 [00:42<00:16,  5.37s/it]bagging, val_score: 0.003956:  80%|########  | 8/10 [00:42<00:10,  5.23s/it][32m[I 2021-01-11 18:18:09,180][0m Trial 34 finished with value: 0.004142492834755286 and parameters: {'bagging_fraction': 0.471643599547346, 'bagging_freq': 4}. Best is trial 27 with value: 0.0039562226506987715.[0m
bagging, val_score: 0.003956:  80%|########  | 8/10 [00:42<00:10,  5.23s/it]Training until validation scores don't improve for 100 rounds
[100]	valid_0's binary_logloss: 0.0296827	valid_1's binary_logloss: 0.029846
[200]	valid_0's binary_logloss: 0.00731199	valid_1's binary_logloss: 0.00751244
[300]	valid_0's binary_logloss: 0.00576141	valid_1's binary_logloss: 0.00615293
Early stopping, best iteration is:
[278]	valid_0's binary_logloss: 0.00593575	valid_1's binary_logloss: 0.00532907
bagging, val_score: 0.003956:  80%|########  | 8/10 [00:47<00:10,  5.23s/it]bagging, val_score: 0.003956:  90%|######### | 9/10 [00:47<00:05,  5.10s/it][32m[I 2021-01-11 18:18:13,989][0m Trial 35 finished with value: 0.00532907135909761 and parameters: {'bagging_fraction': 0.6107377434363921, 'bagging_freq': 1}. Best is trial 27 with value: 0.0039562226506987715.[0m
bagging, val_score: 0.003956:  90%|######### | 9/10 [00:47<00:05,  5.10s/it]Training until validation scores don't improve for 100 rounds
[100]	valid_0's binary_logloss: 0.0390063	valid_1's binary_logloss: 0.040291
[200]	valid_0's binary_logloss: 0.00886242	valid_1's binary_logloss: 0.00902116
[300]	valid_0's binary_logloss: 0.00654572	valid_1's binary_logloss: 0.00522509
[400]	valid_0's binary_logloss: 0.0059849	valid_1's binary_logloss: 0.00586247
Early stopping, best iteration is:
[312]	valid_0's binary_logloss: 0.00674354	valid_1's binary_logloss: 0.00474593
bagging, val_score: 0.003956:  90%|######### | 9/10 [00:51<00:05,  5.10s/it]bagging, val_score: 0.003956: 100%|##########| 10/10 [00:51<00:00,  4.83s/it][32m[I 2021-01-11 18:18:18,204][0m Trial 36 finished with value: 0.004745926066598235 and parameters: {'bagging_fraction': 0.5582489675601301, 'bagging_freq': 6}. Best is trial 27 with value: 0.0039562226506987715.[0m
bagging, val_score: 0.003956: 100%|##########| 10/10 [00:51<00:00,  5.17s/it]
  0%|          | 0/3 [00:00<?, ?it/s]feature_fraction_stage2, val_score: 0.003956:   0%|          | 0/3 [00:00<?, ?it/s]Training until validation scores don't improve for 100 rounds
[100]	valid_0's binary_logloss: 0.0575705	valid_1's binary_logloss: 0.0569281
[200]	valid_0's binary_logloss: 0.0131366	valid_1's binary_logloss: 0.0116387
[300]	valid_0's binary_logloss: 0.0071251	valid_1's binary_logloss: 0.00758319
[400]	valid_0's binary_logloss: 0.0063787	valid_1's binary_logloss: 0.00400803
[500]	valid_0's binary_logloss: 0.00597175	valid_1's binary_logloss: 0.00530571
Early stopping, best iteration is:
[400]	valid_0's binary_logloss: 0.0063787	valid_1's binary_logloss: 0.00400803
feature_fraction_stage2, val_score: 0.003956:   0%|          | 0/3 [00:04<?, ?it/s]feature_fraction_stage2, val_score: 0.003956:  33%|###3      | 1/3 [00:04<00:08,  4.21s/it][32m[I 2021-01-11 18:18:22,419][0m Trial 37 finished with value: 0.004008030281345342 and parameters: {'feature_fraction': 0.92}. Best is trial 37 with value: 0.004008030281345342.[0m
feature_fraction_stage2, val_score: 0.003956:  33%|###3      | 1/3 [00:04<00:08,  4.21s/it]Training until validation scores don't improve for 100 rounds
[100]	valid_0's binary_logloss: 0.0556718	valid_1's binary_logloss: 0.0569935
[200]	valid_0's binary_logloss: 0.0129158	valid_1's binary_logloss: 0.0116766
[300]	valid_0's binary_logloss: 0.00710076	valid_1's binary_logloss: 0.00763367
[400]	valid_0's binary_logloss: 0.00645326	valid_1's binary_logloss: 0.00407331
[500]	valid_0's binary_logloss: 0.00599386	valid_1's binary_logloss: 0.00551638
Early stopping, best iteration is:
[400]	valid_0's binary_logloss: 0.00645326	valid_1's binary_logloss: 0.00407331
feature_fraction_stage2, val_score: 0.003956:  33%|###3      | 1/3 [00:08<00:08,  4.21s/it]feature_fraction_stage2, val_score: 0.003956:  67%|######6   | 2/3 [00:08<00:04,  4.30s/it][32m[I 2021-01-11 18:18:26,780][0m Trial 38 finished with value: 0.004073311997023036 and parameters: {'feature_fraction': 0.9520000000000001}. Best is trial 37 with value: 0.004008030281345342.[0m
feature_fraction_stage2, val_score: 0.003956:  67%|######6   | 2/3 [00:08<00:04,  4.30s/it]Training until validation scores don't improve for 100 rounds
[100]	valid_0's binary_logloss: 0.0562175	valid_1's binary_logloss: 0.0545839
[200]	valid_0's binary_logloss: 0.0128466	valid_1's binary_logloss: 0.0114269
[300]	valid_0's binary_logloss: 0.00709843	valid_1's binary_logloss: 0.00754098
[400]	valid_0's binary_logloss: 0.0063699	valid_1's binary_logloss: 0.00410996
[500]	valid_0's binary_logloss: 0.00605748	valid_1's binary_logloss: 0.00556092
Early stopping, best iteration is:
[400]	valid_0's binary_logloss: 0.0063699	valid_1's binary_logloss: 0.00410996
feature_fraction_stage2, val_score: 0.003956:  67%|######6   | 2/3 [00:12<00:04,  4.30s/it]feature_fraction_stage2, val_score: 0.003956: 100%|##########| 3/3 [00:12<00:00,  4.26s/it][32m[I 2021-01-11 18:18:31,000][0m Trial 39 finished with value: 0.004109957298299281 and parameters: {'feature_fraction': 0.9840000000000001}. Best is trial 37 with value: 0.004008030281345342.[0m
feature_fraction_stage2, val_score: 0.003956: 100%|##########| 3/3 [00:12<00:00,  4.26s/it]
  0%|          | 0/20 [00:00<?, ?it/s]regularization_factors, val_score: 0.003956:   0%|          | 0/20 [00:00<?, ?it/s]Training until validation scores don't improve for 100 rounds
[100]	valid_0's binary_logloss: 0.0561937	valid_1's binary_logloss: 0.0557592
[200]	valid_0's binary_logloss: 0.0129059	valid_1's binary_logloss: 0.0116543
[300]	valid_0's binary_logloss: 0.00709186	valid_1's binary_logloss: 0.0075531
[400]	valid_0's binary_logloss: 0.0064238	valid_1's binary_logloss: 0.00404981
[500]	valid_0's binary_logloss: 0.00602644	valid_1's binary_logloss: 0.00556341
Early stopping, best iteration is:
[400]	valid_0's binary_logloss: 0.0064238	valid_1's binary_logloss: 0.00404981
regularization_factors, val_score: 0.003956:   0%|          | 0/20 [00:05<?, ?it/s]regularization_factors, val_score: 0.003956:   5%|5         | 1/20 [00:05<01:41,  5.34s/it][32m[I 2021-01-11 18:18:36,347][0m Trial 40 finished with value: 0.004049807715265535 and parameters: {'lambda_l1': 4.0221708266571e-06, 'lambda_l2': 1.1386778195402432e-07}. Best is trial 40 with value: 0.004049807715265535.[0m
regularization_factors, val_score: 0.003956:   5%|5         | 1/20 [00:05<01:41,  5.34s/it]Training until validation scores don't improve for 100 rounds
[100]	valid_0's binary_logloss: 0.0568746	valid_1's binary_logloss: 0.0573816
[200]	valid_0's binary_logloss: 0.0129239	valid_1's binary_logloss: 0.0115412
[300]	valid_0's binary_logloss: 0.00704863	valid_1's binary_logloss: 0.00745682
[400]	valid_0's binary_logloss: 0.00640392	valid_1's binary_logloss: 0.00411029
[500]	valid_0's binary_logloss: 0.00595231	valid_1's binary_logloss: 0.00520138
Early stopping, best iteration is:
[400]	valid_0's binary_logloss: 0.00640392	valid_1's binary_logloss: 0.00411029
regularization_factors, val_score: 0.003956:   5%|5         | 1/20 [00:10<01:41,  5.34s/it]regularization_factors, val_score: 0.003956:  10%|#         | 2/20 [00:10<01:30,  5.04s/it][32m[I 2021-01-11 18:18:41,179][0m Trial 41 finished with value: 0.004110285286715849 and parameters: {'lambda_l1': 3.0100546376351988e-06, 'lambda_l2': 2.245577678296142e-08}. Best is trial 40 with value: 0.004049807715265535.[0m
regularization_factors, val_score: 0.003956:  10%|#         | 2/20 [00:10<01:30,  5.04s/it]Training until validation scores don't improve for 100 rounds
[100]	valid_0's binary_logloss: 0.0634152	valid_1's binary_logloss: 0.0646364
[200]	valid_0's binary_logloss: 0.0184587	valid_1's binary_logloss: 0.0176411
[300]	valid_0's binary_logloss: 0.011089	valid_1's binary_logloss: 0.0114961
[400]	valid_0's binary_logloss: 0.0092175	valid_1's binary_logloss: 0.00709382
[500]	valid_0's binary_logloss: 0.00819279	valid_1's binary_logloss: 0.00807599
Early stopping, best iteration is:
[400]	valid_0's binary_logloss: 0.0092175	valid_1's binary_logloss: 0.00709382
regularization_factors, val_score: 0.003956:  10%|#         | 2/20 [00:13<01:30,  5.04s/it]regularization_factors, val_score: 0.003956:  15%|#5        | 3/20 [00:13<01:11,  4.21s/it][32m[I 2021-01-11 18:18:44,408][0m Trial 42 finished with value: 0.00709381533697939 and parameters: {'lambda_l1': 0.13490383349212534, 'lambda_l2': 4.696049553697879e-06}. Best is trial 40 with value: 0.004049807715265535.[0m
regularization_factors, val_score: 0.003956:  15%|#5        | 3/20 [00:13<01:11,  4.21s/it]Training until validation scores don't improve for 100 rounds
[100]	valid_0's binary_logloss: 0.169428	valid_1's binary_logloss: 0.168228
[200]	valid_0's binary_logloss: 0.0802144	valid_1's binary_logloss: 0.0793702
[300]	valid_0's binary_logloss: 0.0477619	valid_1's binary_logloss: 0.047749
[400]	valid_0's binary_logloss: 0.0324972	valid_1's binary_logloss: 0.0317891
[500]	valid_0's binary_logloss: 0.0242072	valid_1's binary_logloss: 0.0242852
[600]	valid_0's binary_logloss: 0.0194553	valid_1's binary_logloss: 0.0190049
[700]	valid_0's binary_logloss: 0.0163486	valid_1's binary_logloss: 0.0167895
[800]	valid_0's binary_logloss: 0.0142521	valid_1's binary_logloss: 0.0141559
[900]	valid_0's binary_logloss: 0.0126579	valid_1's binary_logloss: 0.0130341
[1000]	valid_0's binary_logloss: 0.0116467	valid_1's binary_logloss: 0.0118625
Did not meet early stopping. Best iteration is:
[1000]	valid_0's binary_logloss: 0.0116467	valid_1's binary_logloss: 0.0118625
regularization_factors, val_score: 0.003956:  15%|#5        | 3/20 [00:26<01:11,  4.21s/it]regularization_factors, val_score: 0.003956:  20%|##        | 4/20 [00:26<02:03,  7.73s/it][32m[I 2021-01-11 18:18:57,522][0m Trial 43 finished with value: 0.011862529746700837 and parameters: {'lambda_l1': 3.948781470367648e-08, 'lambda_l2': 7.533448814732989}. Best is trial 40 with value: 0.004049807715265535.[0m
regularization_factors, val_score: 0.003956:  20%|##        | 4/20 [00:26<02:03,  7.73s/it]Training until validation scores don't improve for 100 rounds
[100]	valid_0's binary_logloss: 0.056064	valid_1's binary_logloss: 0.0557149
[200]	valid_0's binary_logloss: 0.0130035	valid_1's binary_logloss: 0.0118549
[300]	valid_0's binary_logloss: 0.00709407	valid_1's binary_logloss: 0.00763185
[400]	valid_0's binary_logloss: 0.00641587	valid_1's binary_logloss: 0.00409437
[500]	valid_0's binary_logloss: 0.00599656	valid_1's binary_logloss: 0.00564254
Early stopping, best iteration is:
[400]	valid_0's binary_logloss: 0.00641587	valid_1's binary_logloss: 0.00409437
regularization_factors, val_score: 0.003956:  20%|##        | 4/20 [00:31<02:03,  7.73s/it]regularization_factors, val_score: 0.003956:  25%|##5       | 5/20 [00:31<01:42,  6.87s/it][32m[I 2021-01-11 18:19:02,859][0m Trial 44 finished with value: 0.004094370995106491 and parameters: {'lambda_l1': 0.0008723919938506175, 'lambda_l2': 1.1865615819376656e-08}. Best is trial 40 with value: 0.004049807715265535.[0m
regularization_factors, val_score: 0.003956:  25%|##5       | 5/20 [00:31<01:42,  6.87s/it]Training until validation scores don't improve for 100 rounds
[100]	valid_0's binary_logloss: 0.0567705	valid_1's binary_logloss: 0.0578017
[200]	valid_0's binary_logloss: 0.0129856	valid_1's binary_logloss: 0.0116847
[300]	valid_0's binary_logloss: 0.0071366	valid_1's binary_logloss: 0.00754206
[400]	valid_0's binary_logloss: 0.00641617	valid_1's binary_logloss: 0.00411328
[500]	valid_0's binary_logloss: 0.0060424	valid_1's binary_logloss: 0.00572098
Early stopping, best iteration is:
[400]	valid_0's binary_logloss: 0.00641617	valid_1's binary_logloss: 0.00411328
