min_data_in_leaf, val_score: 0.003956:  80%|########  | 4/5 [00:20<00:04,  4.16s/it]min_data_in_leaf, val_score: 0.003956: 100%|##########| 5/5 [00:20<00:00,  3.85s/it][32m[I 2021-01-11 18:20:37,185][0m Trial 64 finished with value: 0.005837906978651142 and parameters: {'min_child_samples': 50}. Best is trial 63 with value: 0.004396265459236126.[0m
min_data_in_leaf, val_score: 0.003956: 100%|##########| 5/5 [00:20<00:00,  4.19s/it]
Best params: {'objective': 'binary', 'metric': 'binary_logloss', 'verbosity': -1, 'boosting_type': 'gbdt', 'feature_pre_filter': False, 'lambda_l1': 0.0, 'lambda_l2': 0.0, 'num_leaves': 256, 'feature_fraction': 1.0, 'bagging_fraction': 0.452599666040136, 'bagging_freq': 4, 'min_child_samples': 20, 'num_iterations': 1000, 'early_stopping_round': 100}
  Accuracy = 0.9989495798319328
  Params: 
    objective: binary
    metric: binary_logloss
    verbosity: -1
    boosting_type: gbdt
    feature_pre_filter: False
    lambda_l1: 0.0
    lambda_l2: 0.0
    num_leaves: 256
    feature_fraction: 1.0
    bagging_fraction: 0.452599666040136
    bagging_freq: 4
    min_child_samples: 20
    num_iterations: 1000
    early_stopping_round: 100
[32m[I 2021-01-11 18:41:01,761][0m A new study created in memory with name: no-name-115aaad8-88c7-4175-b22c-23ee35b36cf5[0m
  0%|          | 0/7 [00:00<?, ?it/s]feature_fraction, val_score: inf:   0%|          | 0/7 [00:00<?, ?it/s][33m[W 2021-01-11 18:41:02,172][0m Trial 0 failed because of the following error: ValueError('For early stopping, at least one dataset and eval metric is required for evaluation',)
Traceback (most recent call last):
  File "/usr/local/lib/python3.6/dist-packages/optuna/_optimize.py", line 189, in _run_trial
    value = func(trial)
  File "/usr/local/lib/python3.6/dist-packages/optuna/integration/_lightgbm_tuner/optimize.py", line 318, in __call__
    cv_results = lgb.cv(self.lgbm_params, train_set, **self.lgbm_kwargs)
  File "/usr/local/lib/python3.6/dist-packages/lightgbm/engine.py", line 604, in cv
    evaluation_result_list=res))
  File "/usr/local/lib/python3.6/dist-packages/lightgbm/callback.py", line 219, in _callback
    _init(env)
  File "/usr/local/lib/python3.6/dist-packages/lightgbm/callback.py", line 189, in _init
    raise ValueError('For early stopping, '
ValueError: For early stopping, at least one dataset and eval metric is required for evaluation[0m
[32m[I 2021-01-11 18:43:01,074][0m A new study created in memory with name: no-name-5a16e21c-0a4f-4d3d-b7f3-029ab53c6bbb[0m

  0%|          | 0/7 [00:00<?, ?it/s][A
feature_fraction, val_score: inf:   0%|          | 0/7 [00:00<?, ?it/s][A
feature_fraction, val_score: 0.481282:   0%|          | 0/7 [00:04<?, ?it/s][A
feature_fraction, val_score: 0.481282:  14%|#4        | 1/7 [00:04<00:26,  4.36s/it][A[32m[I 2021-01-11 18:43:05,447][0m Trial 0 finished with value: 0.4812821920818188 and parameters: {'feature_fraction': 0.8999999999999999}. Best is trial 0 with value: 0.4812821920818188.[0m

feature_fraction, val_score: 0.481282:  14%|#4        | 1/7 [00:04<00:26,  4.36s/it][A
feature_fraction, val_score: 0.477731:  14%|#4        | 1/7 [00:09<00:26,  4.36s/it][A
feature_fraction, val_score: 0.477731:  29%|##8       | 2/7 [00:09<00:23,  4.70s/it][A[32m[I 2021-01-11 18:43:10,378][0m Trial 1 finished with value: 0.47773051164263824 and parameters: {'feature_fraction': 0.6}. Best is trial 1 with value: 0.47773051164263824.[0m

feature_fraction, val_score: 0.477731:  29%|##8       | 2/7 [00:09<00:23,  4.70s/it][A
feature_fraction, val_score: 0.477731:  29%|##8       | 2/7 [00:13<00:23,  4.70s/it][A
feature_fraction, val_score: 0.477731:  43%|####2     | 3/7 [00:13<00:17,  4.44s/it][A[32m[I 2021-01-11 18:43:14,522][0m Trial 2 finished with value: 0.4805651405777819 and parameters: {'feature_fraction': 0.5}. Best is trial 1 with value: 0.47773051164263824.[0m

feature_fraction, val_score: 0.477731:  43%|####2     | 3/7 [00:13<00:17,  4.44s/it][A
feature_fraction, val_score: 0.477731:  43%|####2     | 3/7 [00:18<00:17,  4.44s/it][A
feature_fraction, val_score: 0.477731:  57%|#####7    | 4/7 [00:18<00:14,  4.67s/it][A[32m[I 2021-01-11 18:43:19,536][0m Trial 3 finished with value: 0.4803429533047396 and parameters: {'feature_fraction': 1.0}. Best is trial 1 with value: 0.47773051164263824.[0m

feature_fraction, val_score: 0.477731:  57%|#####7    | 4/7 [00:18<00:14,  4.67s/it][A
feature_fraction, val_score: 0.477731:  57%|#####7    | 4/7 [00:23<00:14,  4.67s/it][A
feature_fraction, val_score: 0.477731:  71%|#######1  | 5/7 [00:23<00:09,  4.84s/it][A[32m[I 2021-01-11 18:43:24,679][0m Trial 4 finished with value: 0.47823869012542425 and parameters: {'feature_fraction': 0.8}. Best is trial 1 with value: 0.47773051164263824.[0m

feature_fraction, val_score: 0.477731:  71%|#######1  | 5/7 [00:23<00:09,  4.84s/it][A
feature_fraction, val_score: 0.477107:  71%|#######1  | 5/7 [00:27<00:09,  4.84s/it][A
feature_fraction, val_score: 0.477107:  86%|########5 | 6/7 [00:27<00:04,  4.44s/it][A[32m[I 2021-01-11 18:43:28,356][0m Trial 5 finished with value: 0.4771070850969328 and parameters: {'feature_fraction': 0.4}. Best is trial 5 with value: 0.4771070850969328.[0m

feature_fraction, val_score: 0.477107:  86%|########5 | 6/7 [00:27<00:04,  4.44s/it][A
feature_fraction, val_score: 0.477107:  86%|########5 | 6/7 [00:31<00:04,  4.44s/it][A
feature_fraction, val_score: 0.477107: 100%|##########| 7/7 [00:31<00:00,  4.32s/it][A[32m[I 2021-01-11 18:43:32,429][0m Trial 6 finished with value: 0.4795467420716621 and parameters: {'feature_fraction': 0.7}. Best is trial 5 with value: 0.4771070850969328.[0m
feature_fraction, val_score: 0.477107: 100%|##########| 7/7 [00:31<00:00,  4.48s/it]

  0%|          | 0/20 [00:00<?, ?it/s][A
num_leaves, val_score: 0.477107:   0%|          | 0/20 [00:00<?, ?it/s][A
num_leaves, val_score: 0.477107:   0%|          | 0/20 [00:11<?, ?it/s][A
num_leaves, val_score: 0.477107:   5%|5         | 1/20 [00:11<03:47, 11.99s/it][A[32m[I 2021-01-11 18:43:44,425][0m Trial 7 finished with value: 0.4942004593980071 and parameters: {'num_leaves': 215}. Best is trial 7 with value: 0.4942004593980071.[0m

num_leaves, val_score: 0.477107:   5%|5         | 1/20 [00:11<03:47, 11.99s/it][A
num_leaves, val_score: 0.477107:   5%|5         | 1/20 [00:25<03:47, 11.99s/it][A
num_leaves, val_score: 0.477107:  10%|#         | 2/20 [00:25<03:54, 13.00s/it][A[32m[I 2021-01-11 18:43:58,137][0m Trial 8 finished with value: 0.4885931006746226 and parameters: {'num_leaves': 139}. Best is trial 8 with value: 0.4885931006746226.[0m

num_leaves, val_score: 0.477107:  10%|#         | 2/20 [00:25<03:54, 13.00s/it][A
num_leaves, val_score: 0.477107:  10%|#         | 2/20 [00:30<03:54, 13.00s/it][A
num_leaves, val_score: 0.477107:  15%|#5        | 3/20 [00:30<02:35,  9.13s/it][A[32m[I 2021-01-11 18:44:02,661][0m Trial 9 finished with value: 0.4808036485197212 and parameters: {'num_leaves': 33}. Best is trial 9 with value: 0.4808036485197212.[0m

num_leaves, val_score: 0.477107:  15%|#5        | 3/20 [00:30<02:35,  9.13s/it][A
num_leaves, val_score: 0.477107:  15%|#5        | 3/20 [00:33<02:35,  9.13s/it][A
num_leaves, val_score: 0.477107:  20%|##        | 4/20 [00:33<01:46,  6.68s/it][A[32m[I 2021-01-11 18:44:05,577][0m Trial 10 finished with value: 0.4818920050181079 and parameters: {'num_leaves': 18}. Best is trial 9 with value: 0.4808036485197212.[0m

num_leaves, val_score: 0.477107:  20%|##        | 4/20 [00:33<01:46,  6.68s/it][A
num_leaves, val_score: 0.477107:  20%|##        | 4/20 [00:47<01:46,  6.68s/it][A
num_leaves, val_score: 0.477107:  25%|##5       | 5/20 [00:47<02:21,  9.41s/it][A[32m[I 2021-01-11 18:44:19,823][0m Trial 11 finished with value: 0.4973462293146321 and parameters: {'num_leaves': 256}. Best is trial 9 with value: 0.4808036485197212.[0m

num_leaves, val_score: 0.477107:  25%|##5       | 5/20 [00:47<02:21,  9.41s/it][A
num_leaves, val_score: 0.477107:  25%|##5       | 5/20 [00:54<02:21,  9.41s/it][A
num_leaves, val_score: 0.477107:  30%|###       | 6/20 [00:54<02:02,  8.76s/it][A[32m[I 2021-01-11 18:44:27,317][0m Trial 12 finished with value: 0.4888951018751711 and parameters: {'num_leaves': 100}. Best is trial 9 with value: 0.4808036485197212.[0m

num_leaves, val_score: 0.477107:  30%|###       | 6/20 [00:54<02:02,  8.76s/it][A
num_leaves, val_score: 0.477107:  30%|###       | 6/20 [01:05<02:02,  8.76s/it][A
num_leaves, val_score: 0.477107:  35%|###5      | 7/20 [01:05<02:00,  9.24s/it][A[32m[I 2021-01-11 18:44:37,567][0m Trial 13 finished with value: 0.4928805444764433 and parameters: {'num_leaves': 175}. Best is trial 9 with value: 0.4808036485197212.[0m

num_leaves, val_score: 0.477107:  35%|###5      | 7/20 [01:05<02:00,  9.24s/it][A
num_leaves, val_score: 0.477107:  35%|###5      | 7/20 [01:11<02:00,  9.24s/it][A
num_leaves, val_score: 0.477107:  40%|####      | 8/20 [01:11<01:39,  8.27s/it][A[32m[I 2021-01-11 18:44:43,739][0m Trial 14 finished with value: 0.4855027573999823 and parameters: {'num_leaves': 76}. Best is trial 9 with value: 0.4808036485197212.[0m

num_leaves, val_score: 0.477107:  40%|####      | 8/20 [01:11<01:39,  8.27s/it][A
num_leaves, val_score: 0.477107:  40%|####      | 8/20 [01:24<01:39,  8.27s/it][A
num_leaves, val_score: 0.477107:  45%|####5     | 9/20 [01:24<01:47,  9.78s/it][A[32m[I 2021-01-11 18:44:56,851][0m Trial 15 finished with value: 0.4932580581199195 and parameters: {'num_leaves': 241}. Best is trial 9 with value: 0.4808036485197212.[0m

num_leaves, val_score: 0.477107:  45%|####5     | 9/20 [01:24<01:47,  9.78s/it][A
num_leaves, val_score: 0.477107:  45%|####5     | 9/20 [01:35<01:47,  9.78s/it][A
num_leaves, val_score: 0.477107:  50%|#####     | 10/20 [01:35<01:40, 10.04s/it][A[32m[I 2021-01-11 18:45:07,481][0m Trial 16 finished with value: 0.4899679401890943 and parameters: {'num_leaves': 174}. Best is trial 9 with value: 0.4808036485197212.[0m

num_leaves, val_score: 0.477107:  50%|#####     | 10/20 [01:35<01:40, 10.04s/it][A
num_leaves, val_score: 0.477107:  50%|#####     | 10/20 [01:41<01:40, 10.04s/it][A
num_leaves, val_score: 0.477107:  55%|#####5    | 11/20 [01:41<01:20,  8.99s/it][A[32m[I 2021-01-11 18:45:14,079][0m Trial 17 finished with value: 0.4842184785477507 and parameters: {'num_leaves': 63}. Best is trial 9 with value: 0.4808036485197212.[0m

num_leaves, val_score: 0.477107:  55%|#####5    | 11/20 [01:41<01:20,  8.99s/it][A
num_leaves, val_score: 0.477107:  55%|#####5    | 11/20 [01:45<01:20,  8.99s/it][A
num_leaves, val_score: 0.477107:  60%|######    | 12/20 [01:45<01:00,  7.57s/it][A[32m[I 2021-01-11 18:45:18,407][0m Trial 18 finished with value: 0.4773056660896877 and parameters: {'num_leaves': 7}. Best is trial 18 with value: 0.4773056660896877.[0m

num_leaves, val_score: 0.477107:  60%|######    | 12/20 [01:45<01:00,  7.57s/it][A
num_leaves, val_score: 0.477107:  60%|######    | 12/20 [01:47<01:00,  7.57s/it][A
num_leaves, val_score: 0.477107:  65%|######5   | 13/20 [01:47<00:41,  5.88s/it][A[32m[I 2021-01-11 18:45:20,393][0m Trial 19 finished with value: 0.47798730313130156 and parameters: {'num_leaves': 6}. Best is trial 18 with value: 0.4773056660896877.[0m

num_leaves, val_score: 0.477107:  65%|######5   | 13/20 [01:47<00:41,  5.88s/it][A
num_leaves, val_score: 0.477107:  65%|######5   | 13/20 [01:52<00:41,  5.88s/it][A
num_leaves, val_score: 0.477107:  70%|#######   | 14/20 [01:52<00:32,  5.48s/it][A[32m[I 2021-01-11 18:45:24,943][0m Trial 20 finished with value: 0.4791476251207717 and parameters: {'num_leaves': 47}. Best is trial 18 with value: 0.4773056660896877.[0m

num_leaves, val_score: 0.477107:  70%|#######   | 14/20 [01:52<00:32,  5.48s/it][A
num_leaves, val_score: 0.477107:  70%|#######   | 14/20 [02:00<00:32,  5.48s/it][A
num_leaves, val_score: 0.477107:  75%|#######5  | 15/20 [02:00<00:30,  6.09s/it][A[32m[I 2021-01-11 18:45:32,463][0m Trial 21 finished with value: 0.48684923290506427 and parameters: {'num_leaves': 108}. Best is trial 18 with value: 0.4773056660896877.[0m

num_leaves, val_score: 0.477107:  75%|#######5  | 15/20 [02:00<00:30,  6.09s/it][A
num_leaves, val_score: 0.477107:  75%|#######5  | 15/20 [02:02<00:30,  6.09s/it][A
num_leaves, val_score: 0.477107:  80%|########  | 16/20 [02:02<00:20,  5.04s/it][A[32m[I 2021-01-11 18:45:35,070][0m Trial 22 finished with value: 0.4804337504030548 and parameters: {'num_leaves': 2}. Best is trial 18 with value: 0.4773056660896877.[0m

num_leaves, val_score: 0.477107:  80%|########  | 16/20 [02:02<00:20,  5.04s/it][A
num_leaves, val_score: 0.477107:  80%|########  | 16/20 [02:11<00:20,  5.04s/it][A
num_leaves, val_score: 0.477107:  85%|########5 | 17/20 [02:11<00:18,  6.15s/it][A[32m[I 2021-01-11 18:45:43,793][0m Trial 23 finished with value: 0.49031931770019577 and parameters: {'num_leaves': 134}. Best is trial 18 with value: 0.4773056660896877.[0m

num_leaves, val_score: 0.477107:  85%|########5 | 17/20 [02:11<00:18,  6.15s/it][A
num_leaves, val_score: 0.477107:  85%|########5 | 17/20 [02:18<00:18,  6.15s/it][A
num_leaves, val_score: 0.477107:  90%|######### | 18/20 [02:18<00:12,  6.45s/it][A[32m[I 2021-01-11 18:45:50,953][0m Trial 24 finished with value: 0.4856705554824183 and parameters: {'num_leaves': 83}. Best is trial 18 with value: 0.4773056660896877.[0m

num_leaves, val_score: 0.477107:  90%|######### | 18/20 [02:18<00:12,  6.45s/it][A
num_leaves, val_score: 0.477107:  90%|######### | 18/20 [02:32<00:12,  6.45s/it][A
num_leaves, val_score: 0.477107:  95%|#########5| 19/20 [02:32<00:08,  8.71s/it][A[32m[I 2021-01-11 18:46:04,912][0m Trial 25 finished with value: 0.49210707074320714 and parameters: {'num_leaves': 172}. Best is trial 18 with value: 0.4773056660896877.[0m

num_leaves, val_score: 0.477107:  95%|#########5| 19/20 [02:32<00:08,  8.71s/it][A
num_leaves, val_score: 0.477107:  95%|#########5| 19/20 [02:43<00:08,  8.71s/it][A
num_leaves, val_score: 0.477107: 100%|##########| 20/20 [02:43<00:00,  9.54s/it][A[32m[I 2021-01-11 18:46:16,399][0m Trial 26 finished with value: 0.49605750927615944 and parameters: {'num_leaves': 205}. Best is trial 18 with value: 0.4773056660896877.[0m
num_leaves, val_score: 0.477107: 100%|##########| 20/20 [02:43<00:00,  8.20s/it]

  0%|          | 0/10 [00:00<?, ?it/s][A
bagging, val_score: 0.477107:   0%|          | 0/10 [00:00<?, ?it/s][A
bagging, val_score: 0.477107:   0%|          | 0/10 [00:04<?, ?it/s][A
bagging, val_score: 0.477107:  10%|#         | 1/10 [00:04<00:42,  4.77s/it][A[32m[I 2021-01-11 18:46:21,175][0m Trial 27 finished with value: 0.48082863783573926 and parameters: {'bagging_fraction': 0.75476391575562, 'bagging_freq': 2}. Best is trial 27 with value: 0.48082863783573926.[0m

bagging, val_score: 0.477107:  10%|#         | 1/10 [00:04<00:42,  4.77s/it][A
bagging, val_score: 0.477107:  10%|#         | 1/10 [00:08<00:42,  4.77s/it][A
bagging, val_score: 0.477107:  20%|##        | 2/10 [00:08<00:31,  3.91s/it][A[32m[I 2021-01-11 18:46:24,481][0m Trial 28 finished with value: 0.4929086890702359 and parameters: {'bagging_fraction': 0.41887483878867676, 'bagging_freq': 7}. Best is trial 27 with value: 0.48082863783573926.[0m

bagging, val_score: 0.477107:  20%|##        | 2/10 [00:08<00:31,  3.91s/it][A
bagging, val_score: 0.477107:  20%|##        | 2/10 [00:12<00:31,  3.91s/it][A
bagging, val_score: 0.477107:  30%|###       | 3/10 [00:12<00:29,  4.26s/it][A[32m[I 2021-01-11 18:46:29,158][0m Trial 29 finished with value: 0.48087193509945464 and parameters: {'bagging_fraction': 0.9975905003244908, 'bagging_freq': 7}. Best is trial 27 with value: 0.48082863783573926.[0m

bagging, val_score: 0.477107:  30%|###       | 3/10 [00:12<00:29,  4.26s/it][A
bagging, val_score: 0.477107:  30%|###       | 3/10 [00:15<00:29,  4.26s/it][A
bagging, val_score: 0.477107:  40%|####      | 4/10 [00:15<00:22,  3.76s/it][A[32m[I 2021-01-11 18:46:32,161][0m Trial 30 finished with value: 0.4899898903526432 and parameters: {'bagging_fraction': 0.421523550878984, 'bagging_freq': 1}. Best is trial 27 with value: 0.48082863783573926.[0m

bagging, val_score: 0.477107:  40%|####      | 4/10 [00:15<00:22,  3.76s/it][A
bagging, val_score: 0.477107:  40%|####      | 4/10 [00:19<00:22,  3.76s/it][A
bagging, val_score: 0.477107:  50%|#####     | 5/10 [00:19<00:18,  3.76s/it][A[32m[I 2021-01-11 18:46:35,924][0m Trial 31 finished with value: 0.4791703105167212 and parameters: {'bagging_fraction': 0.9509983308942593, 'bagging_freq': 4}. Best is trial 31 with value: 0.4791703105167212.[0m

bagging, val_score: 0.477107:  50%|#####     | 5/10 [00:19<00:18,  3.76s/it][A
bagging, val_score: 0.477107:  50%|#####     | 5/10 [00:22<00:18,  3.76s/it][A
bagging, val_score: 0.477107:  60%|######    | 6/10 [00:22<00:14,  3.61s/it][A[32m[I 2021-01-11 18:46:39,247][0m Trial 32 finished with value: 0.47861439560697916 and parameters: {'bagging_fraction': 0.5991594178393926, 'bagging_freq': 4}. Best is trial 32 with value: 0.47861439560697916.[0m

bagging, val_score: 0.477107:  60%|######    | 6/10 [00:22<00:14,  3.61s/it][A
bagging, val_score: 0.477107:  60%|######    | 6/10 [00:26<00:14,  3.61s/it][A
bagging, val_score: 0.477107:  70%|#######   | 7/10 [00:26<00:10,  3.52s/it][A[32m[I 2021-01-11 18:46:42,582][0m Trial 33 finished with value: 0.4826233073982797 and parameters: {'bagging_fraction': 0.821646574995271, 'bagging_freq': 6}. Best is trial 32 with value: 0.47861439560697916.[0m

bagging, val_score: 0.477107:  70%|#######   | 7/10 [00:26<00:10,  3.52s/it][A
bagging, val_score: 0.477107:  70%|#######   | 7/10 [00:29<00:10,  3.52s/it][A
bagging, val_score: 0.477107:  80%|########  | 8/10 [00:29<00:06,  3.47s/it][A[32m[I 2021-01-11 18:46:45,938][0m Trial 34 finished with value: 0.48303446850287424 and parameters: {'bagging_fraction': 0.5820627595366245, 'bagging_freq': 2}. Best is trial 32 with value: 0.47861439560697916.[0m

bagging, val_score: 0.477107:  80%|########  | 8/10 [00:29<00:06,  3.47s/it][A
bagging, val_score: 0.477107:  80%|########  | 8/10 [00:33<00:06,  3.47s/it][A
bagging, val_score: 0.477107:  90%|######### | 9/10 [00:33<00:03,  3.62s/it][A[32m[I 2021-01-11 18:46:49,888][0m Trial 35 finished with value: 0.48218907791516086 and parameters: {'bagging_fraction': 0.8747304563403653, 'bagging_freq': 5}. Best is trial 32 with value: 0.47861439560697916.[0m

bagging, val_score: 0.477107:  90%|######### | 9/10 [00:33<00:03,  3.62s/it][A
bagging, val_score: 0.477107:  90%|######### | 9/10 [00:37<00:03,  3.62s/it][A
bagging, val_score: 0.477107: 100%|##########| 10/10 [00:37<00:00,  3.77s/it][A[32m[I 2021-01-11 18:46:53,983][0m Trial 36 finished with value: 0.48209554443906144 and parameters: {'bagging_fraction': 0.5764470547229972, 'bagging_freq': 1}. Best is trial 32 with value: 0.47861439560697916.[0m
bagging, val_score: 0.477107: 100%|##########| 10/10 [00:37<00:00,  3.76s/it]

  0%|          | 0/3 [00:00<?, ?it/s][A
feature_fraction_stage2, val_score: 0.477107:   0%|          | 0/3 [00:00<?, ?it/s][A
feature_fraction_stage2, val_score: 0.477107:   0%|          | 0/3 [00:03<?, ?it/s][A
feature_fraction_stage2, val_score: 0.477107:  33%|###3      | 1/3 [00:03<00:07,  3.65s/it][A[32m[I 2021-01-11 18:46:57,642][0m Trial 37 finished with value: 0.4824947970064482 and parameters: {'feature_fraction': 0.48000000000000004}. Best is trial 37 with value: 0.4824947970064482.[0m

feature_fraction_stage2, val_score: 0.477107:  33%|###3      | 1/3 [00:03<00:07,  3.65s/it][A
feature_fraction_stage2, val_score: 0.477107:  33%|###3      | 1/3 [00:07<00:07,  3.65s/it][A
feature_fraction_stage2, val_score: 0.477107:  67%|######6   | 2/3 [00:07<00:03,  3.83s/it][A[32m[I 2021-01-11 18:47:01,602][0m Trial 38 finished with value: 0.48069060736121605 and parameters: {'feature_fraction': 0.44800000000000006}. Best is trial 38 with value: 0.48069060736121605.[0m

feature_fraction_stage2, val_score: 0.477107:  67%|######6   | 2/3 [00:07<00:03,  3.83s/it][A
feature_fraction_stage2, val_score: 0.477107:  67%|######6   | 2/3 [00:11<00:03,  3.83s/it][A
feature_fraction_stage2, val_score: 0.477107: 100%|##########| 3/3 [00:11<00:00,  3.90s/it][A[32m[I 2021-01-11 18:47:05,587][0m Trial 39 finished with value: 0.47904646495303266 and parameters: {'feature_fraction': 0.41600000000000004}. Best is trial 39 with value: 0.47904646495303266.[0m
feature_fraction_stage2, val_score: 0.477107: 100%|##########| 3/3 [00:11<00:00,  3.87s/it]

  0%|          | 0/20 [00:00<?, ?it/s][A
regularization_factors, val_score: 0.477107:   0%|          | 0/20 [00:00<?, ?it/s][A
regularization_factors, val_score: 0.477107:   0%|          | 0/20 [00:04<?, ?it/s][A
regularization_factors, val_score: 0.477107:   5%|5         | 1/20 [00:04<01:21,  4.28s/it][A[32m[I 2021-01-11 18:47:09,876][0m Trial 40 finished with value: 0.4771070849575323 and parameters: {'lambda_l1': 6.503756686450855e-08, 'lambda_l2': 2.2088516847453967e-08}. Best is trial 40 with value: 0.4771070849575323.[0m

regularization_factors, val_score: 0.477107:   5%|5         | 1/20 [00:04<01:21,  4.28s/it][A
regularization_factors, val_score: 0.477107:   5%|5         | 1/20 [00:08<01:21,  4.28s/it][A
