num_leaves, val_score: 0.005618:  15%|#5        | 3/20 [00:36<02:39,  9.39s/it]num_leaves, val_score: 0.005618:  20%|##        | 4/20 [00:36<02:24,  9.04s/it][32m[I 2021-01-11 18:15:13,025][0m Trial 10 finished with value: 0.005618296596890519 and parameters: {'num_leaves': 248}. Best is trial 10 with value: 0.005618296596890519.[0m
num_leaves, val_score: 0.005618:  20%|##        | 4/20 [00:36<02:24,  9.04s/it]Training until validation scores don't improve for 100 rounds
[100]	valid_0's binary_logloss: 0.0107237	valid_1's binary_logloss: 0.0109051
[200]	valid_0's binary_logloss: 0.00564503	valid_1's binary_logloss: 0.00571601
[300]	valid_0's binary_logloss: 0.0055631	valid_1's binary_logloss: 0.00563169
[400]	valid_0's binary_logloss: 0.00555643	valid_1's binary_logloss: 0.00562496
[500]	valid_0's binary_logloss: 0.00555409	valid_1's binary_logloss: 0.00562243
[600]	valid_0's binary_logloss: 0.00555283	valid_1's binary_logloss: 0.00562108
[700]	valid_0's binary_logloss: 0.00555173	valid_1's binary_logloss: 0.00561997
[800]	valid_0's binary_logloss: 0.00555114	valid_1's binary_logloss: 0.00561933
[900]	valid_0's binary_logloss: 0.00555075	valid_1's binary_logloss: 0.00561896
[1000]	valid_0's binary_logloss: 0.00555041	valid_1's binary_logloss: 0.00561871
Did not meet early stopping. Best iteration is:
[1000]	valid_0's binary_logloss: 0.00555041	valid_1's binary_logloss: 0.00561871
num_leaves, val_score: 0.005618:  20%|##        | 4/20 [00:43<02:24,  9.04s/it]num_leaves, val_score: 0.005618:  25%|##5       | 5/20 [00:43<02:05,  8.35s/it][32m[I 2021-01-11 18:15:20,149][0m Trial 11 finished with value: 0.005618714511752131 and parameters: {'num_leaves': 252}. Best is trial 10 with value: 0.005618296596890519.[0m
num_leaves, val_score: 0.005618:  25%|##5       | 5/20 [00:43<02:05,  8.35s/it]Training until validation scores don't improve for 100 rounds
[100]	valid_0's binary_logloss: 0.0134723	valid_1's binary_logloss: 0.0136775
[200]	valid_0's binary_logloss: 0.00577896	valid_1's binary_logloss: 0.0058581
[300]	valid_0's binary_logloss: 0.00556698	valid_1's binary_logloss: 0.00563538
[400]	valid_0's binary_logloss: 0.00555734	valid_1's binary_logloss: 0.00562559
[500]	valid_0's binary_logloss: 0.0055544	valid_1's binary_logloss: 0.00562237
[600]	valid_0's binary_logloss: 0.00555267	valid_1's binary_logloss: 0.00562077
[700]	valid_0's binary_logloss: 0.0055518	valid_1's binary_logloss: 0.00561998
[800]	valid_0's binary_logloss: 0.00555114	valid_1's binary_logloss: 0.00561919
[900]	valid_0's binary_logloss: 0.00555067	valid_1's binary_logloss: 0.00561871
[1000]	valid_0's binary_logloss: 0.00555028	valid_1's binary_logloss: 0.00561843
Did not meet early stopping. Best iteration is:
[1000]	valid_0's binary_logloss: 0.00555028	valid_1's binary_logloss: 0.00561843
num_leaves, val_score: 0.005618:  25%|##5       | 5/20 [00:50<02:05,  8.35s/it]num_leaves, val_score: 0.005618:  30%|###       | 6/20 [00:50<01:49,  7.81s/it][32m[I 2021-01-11 18:15:26,912][0m Trial 12 finished with value: 0.005618429229306125 and parameters: {'num_leaves': 188}. Best is trial 10 with value: 0.005618296596890519.[0m
num_leaves, val_score: 0.005618:  30%|###       | 6/20 [00:50<01:49,  7.81s/it]Training until validation scores don't improve for 100 rounds
[100]	valid_0's binary_logloss: 0.275789	valid_1's binary_logloss: 0.276932
[200]	valid_0's binary_logloss: 0.176449	valid_1's binary_logloss: 0.177676
[300]	valid_0's binary_logloss: 0.115872	valid_1's binary_logloss: 0.116263
[400]	valid_0's binary_logloss: 0.0783775	valid_1's binary_logloss: 0.0786142
[500]	valid_0's binary_logloss: 0.0539272	valid_1's binary_logloss: 0.0542433
[600]	valid_0's binary_logloss: 0.0379148	valid_1's binary_logloss: 0.0383341
[700]	valid_0's binary_logloss: 0.0273682	valid_1's binary_logloss: 0.0277675
[800]	valid_0's binary_logloss: 0.0202843	valid_1's binary_logloss: 0.0206594
[900]	valid_0's binary_logloss: 0.0155666	valid_1's binary_logloss: 0.0159192
[1000]	valid_0's binary_logloss: 0.0124371	valid_1's binary_logloss: 0.0126124
Did not meet early stopping. Best iteration is:
[1000]	valid_0's binary_logloss: 0.0124371	valid_1's binary_logloss: 0.0126124
num_leaves, val_score: 0.005618:  30%|###       | 6/20 [00:53<01:49,  7.81s/it]num_leaves, val_score: 0.005618:  35%|###5      | 7/20 [00:53<01:23,  6.39s/it][32m[I 2021-01-11 18:15:30,376][0m Trial 13 finished with value: 0.012612441227178889 and parameters: {'num_leaves': 18}. Best is trial 10 with value: 0.005618296596890519.[0m
num_leaves, val_score: 0.005618:  35%|###5      | 7/20 [00:53<01:23,  6.39s/it]Training until validation scores don't improve for 100 rounds
[100]	valid_0's binary_logloss: 0.0107106	valid_1's binary_logloss: 0.0108436
[200]	valid_0's binary_logloss: 0.00564442	valid_1's binary_logloss: 0.00571188
[300]	valid_0's binary_logloss: 0.00556268	valid_1's binary_logloss: 0.00563099
[400]	valid_0's binary_logloss: 0.00555629	valid_1's binary_logloss: 0.00562461
[500]	valid_0's binary_logloss: 0.00555387	valid_1's binary_logloss: 0.00562203
[600]	valid_0's binary_logloss: 0.00555251	valid_1's binary_logloss: 0.00562089
[700]	valid_0's binary_logloss: 0.00555164	valid_1's binary_logloss: 0.00561984
[800]	valid_0's binary_logloss: 0.00555098	valid_1's binary_logloss: 0.0056191
[900]	valid_0's binary_logloss: 0.00555041	valid_1's binary_logloss: 0.00561846
[1000]	valid_0's binary_logloss: 0.00555007	valid_1's binary_logloss: 0.00561817
Did not meet early stopping. Best iteration is:
[1000]	valid_0's binary_logloss: 0.00555007	valid_1's binary_logloss: 0.00561817
num_leaves, val_score: 0.005618:  35%|###5      | 7/20 [01:01<01:23,  6.39s/it]num_leaves, val_score: 0.005618:  40%|####      | 8/20 [01:01<01:21,  6.81s/it][32m[I 2021-01-11 18:15:38,075][0m Trial 14 finished with value: 0.005618167317396328 and parameters: {'num_leaves': 256}. Best is trial 14 with value: 0.005618167317396328.[0m
num_leaves, val_score: 0.005618:  40%|####      | 8/20 [01:01<01:21,  6.81s/it]Training until validation scores don't improve for 100 rounds
[100]	valid_0's binary_logloss: 0.013985	valid_1's binary_logloss: 0.0142072
[200]	valid_0's binary_logloss: 0.00581463	valid_1's binary_logloss: 0.00589764
[300]	valid_0's binary_logloss: 0.00556843	valid_1's binary_logloss: 0.00563705
[400]	valid_0's binary_logloss: 0.00555738	valid_1's binary_logloss: 0.00562564
[500]	valid_0's binary_logloss: 0.0055543	valid_1's binary_logloss: 0.00562244
[600]	valid_0's binary_logloss: 0.00555276	valid_1's binary_logloss: 0.00562099
[700]	valid_0's binary_logloss: 0.00555186	valid_1's binary_logloss: 0.00562005
[800]	valid_0's binary_logloss: 0.00555116	valid_1's binary_logloss: 0.00561946
[900]	valid_0's binary_logloss: 0.00555078	valid_1's binary_logloss: 0.00561901
[1000]	valid_0's binary_logloss: 0.0055504	valid_1's binary_logloss: 0.00561859
Did not meet early stopping. Best iteration is:
[1000]	valid_0's binary_logloss: 0.0055504	valid_1's binary_logloss: 0.00561859
num_leaves, val_score: 0.005618:  40%|####      | 8/20 [01:11<01:21,  6.81s/it]num_leaves, val_score: 0.005618:  45%|####5     | 9/20 [01:11<01:27,  7.93s/it][32m[I 2021-01-11 18:15:48,465][0m Trial 15 finished with value: 0.005618592458885676 and parameters: {'num_leaves': 182}. Best is trial 14 with value: 0.005618167317396328.[0m
num_leaves, val_score: 0.005618:  45%|####5     | 9/20 [01:11<01:27,  7.93s/it]Training until validation scores don't improve for 100 rounds
[100]	valid_0's binary_logloss: 0.284715	valid_1's binary_logloss: 0.288082
[200]	valid_0's binary_logloss: 0.185525	valid_1's binary_logloss: 0.188661
[300]	valid_0's binary_logloss: 0.124507	valid_1's binary_logloss: 0.127196
[400]	valid_0's binary_logloss: 0.0857739	valid_1's binary_logloss: 0.0877643
[500]	valid_0's binary_logloss: 0.0600459	valid_1's binary_logloss: 0.0616112
[600]	valid_0's binary_logloss: 0.0428288	valid_1's binary_logloss: 0.0435558
[700]	valid_0's binary_logloss: 0.0311417	valid_1's binary_logloss: 0.0314916
[800]	valid_0's binary_logloss: 0.0231368	valid_1's binary_logloss: 0.0234397
[900]	valid_0's binary_logloss: 0.0178711	valid_1's binary_logloss: 0.0181298
[1000]	valid_0's binary_logloss: 0.0142717	valid_1's binary_logloss: 0.0144296
Did not meet early stopping. Best iteration is:
[1000]	valid_0's binary_logloss: 0.0142717	valid_1's binary_logloss: 0.0144296
num_leaves, val_score: 0.005618:  45%|####5     | 9/20 [01:16<01:27,  7.93s/it]num_leaves, val_score: 0.005618:  50%|#####     | 10/20 [01:16<01:09,  6.96s/it][32m[I 2021-01-11 18:15:53,271][0m Trial 16 finished with value: 0.014429630271163759 and parameters: {'num_leaves': 17}. Best is trial 14 with value: 0.005618167317396328.[0m
num_leaves, val_score: 0.005618:  50%|#####     | 10/20 [01:16<01:09,  6.96s/it]Training until validation scores don't improve for 100 rounds
[100]	valid_0's binary_logloss: 0.0603789	valid_1's binary_logloss: 0.0609292
[200]	valid_0's binary_logloss: 0.0140252	valid_1's binary_logloss: 0.0142519
[300]	valid_0's binary_logloss: 0.00715282	valid_1's binary_logloss: 0.00725234
[400]	valid_0's binary_logloss: 0.00592118	valid_1's binary_logloss: 0.0060032
[500]	valid_0's binary_logloss: 0.00563802	valid_1's binary_logloss: 0.00571136
[600]	valid_0's binary_logloss: 0.0055687	valid_1's binary_logloss: 0.00563765
[700]	valid_0's binary_logloss: 0.00555704	valid_1's binary_logloss: 0.00562519
[800]	valid_0's binary_logloss: 0.00555395	valid_1's binary_logloss: 0.00562198
[900]	valid_0's binary_logloss: 0.00555255	valid_1's binary_logloss: 0.00562085
[1000]	valid_0's binary_logloss: 0.00555165	valid_1's binary_logloss: 0.00561994
Did not meet early stopping. Best iteration is:
[1000]	valid_0's binary_logloss: 0.00555165	valid_1's binary_logloss: 0.00561994
num_leaves, val_score: 0.005618:  50%|#####     | 10/20 [01:24<01:09,  6.96s/it]num_leaves, val_score: 0.005618:  55%|#####5    | 11/20 [01:24<01:06,  7.38s/it][32m[I 2021-01-11 18:16:01,582][0m Trial 17 finished with value: 0.005619938512083364 and parameters: {'num_leaves': 78}. Best is trial 14 with value: 0.005618167317396328.[0m
num_leaves, val_score: 0.005618:  55%|#####5    | 11/20 [01:24<01:06,  7.38s/it]Training until validation scores don't improve for 100 rounds
[100]	valid_0's binary_logloss: 0.0119119	valid_1's binary_logloss: 0.0120425
[200]	valid_0's binary_logloss: 0.00569758	valid_1's binary_logloss: 0.0057714
[300]	valid_0's binary_logloss: 0.00556404	valid_1's binary_logloss: 0.00563207
[400]	valid_0's binary_logloss: 0.00555682	valid_1's binary_logloss: 0.00562475
[500]	valid_0's binary_logloss: 0.00555415	valid_1's binary_logloss: 0.00562251
[600]	valid_0's binary_logloss: 0.00555263	valid_1's binary_logloss: 0.00562078
[700]	valid_0's binary_logloss: 0.00555174	valid_1's binary_logloss: 0.00561991
[800]	valid_0's binary_logloss: 0.00555121	valid_1's binary_logloss: 0.00561933
[900]	valid_0's binary_logloss: 0.00555072	valid_1's binary_logloss: 0.00561886
[1000]	valid_0's binary_logloss: 0.00555045	valid_1's binary_logloss: 0.00561866
Did not meet early stopping. Best iteration is:
[1000]	valid_0's binary_logloss: 0.00555045	valid_1's binary_logloss: 0.00561866
num_leaves, val_score: 0.005618:  55%|#####5    | 11/20 [01:33<01:06,  7.38s/it]num_leaves, val_score: 0.005618:  60%|######    | 12/20 [01:33<01:03,  7.88s/it][32m[I 2021-01-11 18:16:10,629][0m Trial 18 finished with value: 0.005618661944630464 and parameters: {'num_leaves': 210}. Best is trial 14 with value: 0.005618167317396328.[0m
num_leaves, val_score: 0.005618:  60%|######    | 12/20 [01:33<01:03,  7.88s/it]Training until validation scores don't improve for 100 rounds
[100]	valid_0's binary_logloss: 0.0185234	valid_1's binary_logloss: 0.0189472
[200]	valid_0's binary_logloss: 0.0061294	valid_1's binary_logloss: 0.0062271
[300]	valid_0's binary_logloss: 0.00558667	valid_1's binary_logloss: 0.00565727
[400]	valid_0's binary_logloss: 0.00555937	valid_1's binary_logloss: 0.00562761
[500]	valid_0's binary_logloss: 0.00555504	valid_1's binary_logloss: 0.00562327
[600]	valid_0's binary_logloss: 0.00555318	valid_1's binary_logloss: 0.00562145
[700]	valid_0's binary_logloss: 0.00555218	valid_1's binary_logloss: 0.00562041
[800]	valid_0's binary_logloss: 0.00555137	valid_1's binary_logloss: 0.00561966
[900]	valid_0's binary_logloss: 0.00555082	valid_1's binary_logloss: 0.00561902
[1000]	valid_0's binary_logloss: 0.00555038	valid_1's binary_logloss: 0.00561856
Did not meet early stopping. Best iteration is:
[1000]	valid_0's binary_logloss: 0.00555038	valid_1's binary_logloss: 0.00561856
num_leaves, val_score: 0.005618:  60%|######    | 12/20 [01:41<01:03,  7.88s/it]num_leaves, val_score: 0.005618:  65%|######5   | 13/20 [01:41<00:54,  7.85s/it][32m[I 2021-01-11 18:16:18,392][0m Trial 19 finished with value: 0.005618563846954435 and parameters: {'num_leaves': 152}. Best is trial 14 with value: 0.005618167317396328.[0m
num_leaves, val_score: 0.005618:  65%|######5   | 13/20 [01:41<00:54,  7.85s/it]Training until validation scores don't improve for 100 rounds
[100]	valid_0's binary_logloss: 0.0107159	valid_1's binary_logloss: 0.010901
[200]	valid_0's binary_logloss: 0.00564356	valid_1's binary_logloss: 0.00571172
[300]	valid_0's binary_logloss: 0.00556221	valid_1's binary_logloss: 0.00563077
[400]	valid_0's binary_logloss: 0.00555585	valid_1's binary_logloss: 0.00562437
[500]	valid_0's binary_logloss: 0.00555381	valid_1's binary_logloss: 0.00562223
[600]	valid_0's binary_logloss: 0.00555252	valid_1's binary_logloss: 0.00562079
[700]	valid_0's binary_logloss: 0.00555161	valid_1's binary_logloss: 0.00562004
[800]	valid_0's binary_logloss: 0.00555095	valid_1's binary_logloss: 0.00561925
[900]	valid_0's binary_logloss: 0.00555058	valid_1's binary_logloss: 0.00561879
[1000]	valid_0's binary_logloss: 0.00555025	valid_1's binary_logloss: 0.00561852
Did not meet early stopping. Best iteration is:
[1000]	valid_0's binary_logloss: 0.00555025	valid_1's binary_logloss: 0.00561852
num_leaves, val_score: 0.005618:  65%|######5   | 13/20 [01:50<00:54,  7.85s/it]num_leaves, val_score: 0.005618:  70%|#######   | 14/20 [01:50<00:48,  8.04s/it][32m[I 2021-01-11 18:16:26,871][0m Trial 20 finished with value: 0.005618519001344657 and parameters: {'num_leaves': 255}. Best is trial 14 with value: 0.005618167317396328.[0m
num_leaves, val_score: 0.005618:  70%|#######   | 14/20 [01:50<00:48,  8.04s/it]Training until validation scores don't improve for 100 rounds
[100]	valid_0's binary_logloss: 0.011278	valid_1's binary_logloss: 0.0114739
[200]	valid_0's binary_logloss: 0.00566863	valid_1's binary_logloss: 0.00574375
[300]	valid_0's binary_logloss: 0.00556344	valid_1's binary_logloss: 0.00563181
[400]	valid_0's binary_logloss: 0.00555638	valid_1's binary_logloss: 0.00562477
[500]	valid_0's binary_logloss: 0.00555405	valid_1's binary_logloss: 0.00562217
[600]	valid_0's binary_logloss: 0.00555255	valid_1's binary_logloss: 0.00562076
[700]	valid_0's binary_logloss: 0.00555168	valid_1's binary_logloss: 0.00561985
[800]	valid_0's binary_logloss: 0.00555105	valid_1's binary_logloss: 0.00561929
[900]	valid_0's binary_logloss: 0.00555054	valid_1's binary_logloss: 0.00561874
[1000]	valid_0's binary_logloss: 0.00555023	valid_1's binary_logloss: 0.00561845
Did not meet early stopping. Best iteration is:
[1000]	valid_0's binary_logloss: 0.00555023	valid_1's binary_logloss: 0.00561845
num_leaves, val_score: 0.005618:  70%|#######   | 14/20 [01:57<00:48,  8.04s/it]num_leaves, val_score: 0.005618:  75%|#######5  | 15/20 [01:57<00:39,  7.98s/it][32m[I 2021-01-11 18:16:34,712][0m Trial 21 finished with value: 0.005618451369176803 and parameters: {'num_leaves': 223}. Best is trial 14 with value: 0.005618167317396328.[0m
num_leaves, val_score: 0.005618:  75%|#######5  | 15/20 [01:57<00:39,  7.98s/it]Training until validation scores don't improve for 100 rounds
[100]	valid_0's binary_logloss: 0.0112147	valid_1's binary_logloss: 0.0113656
[200]	valid_0's binary_logloss: 0.00566582	valid_1's binary_logloss: 0.00573354
[300]	valid_0's binary_logloss: 0.00556335	valid_1's binary_logloss: 0.00563167
[400]	valid_0's binary_logloss: 0.00555628	valid_1's binary_logloss: 0.00562453
[500]	valid_0's binary_logloss: 0.00555382	valid_1's binary_logloss: 0.00562221
[600]	valid_0's binary_logloss: 0.00555247	valid_1's binary_logloss: 0.00562057
[700]	valid_0's binary_logloss: 0.00555166	valid_1's binary_logloss: 0.00561977
[800]	valid_0's binary_logloss: 0.00555106	valid_1's binary_logloss: 0.00561941
[900]	valid_0's binary_logloss: 0.00555057	valid_1's binary_logloss: 0.00561882
[1000]	valid_0's binary_logloss: 0.00555022	valid_1's binary_logloss: 0.00561846
Did not meet early stopping. Best iteration is:
[1000]	valid_0's binary_logloss: 0.00555022	valid_1's binary_logloss: 0.00561846
num_leaves, val_score: 0.005618:  75%|#######5  | 15/20 [02:06<00:39,  7.98s/it]num_leaves, val_score: 0.005618:  80%|########  | 16/20 [02:06<00:32,  8.12s/it][32m[I 2021-01-11 18:16:43,160][0m Trial 22 finished with value: 0.005618460074184645 and parameters: {'num_leaves': 226}. Best is trial 14 with value: 0.005618167317396328.[0m
num_leaves, val_score: 0.005618:  80%|########  | 16/20 [02:06<00:32,  8.12s/it]Training until validation scores don't improve for 100 rounds
[100]	valid_0's binary_logloss: 0.0107552	valid_1's binary_logloss: 0.0109082
[200]	valid_0's binary_logloss: 0.0056453	valid_1's binary_logloss: 0.00571449
[300]	valid_0's binary_logloss: 0.00556265	valid_1's binary_logloss: 0.00563051
[400]	valid_0's binary_logloss: 0.00555595	valid_1's binary_logloss: 0.00562404
[500]	valid_0's binary_logloss: 0.00555353	valid_1's binary_logloss: 0.00562167
[600]	valid_0's binary_logloss: 0.00555215	valid_1's binary_logloss: 0.00562035
[700]	valid_0's binary_logloss: 0.00555141	valid_1's binary_logloss: 0.00561955
[800]	valid_0's binary_logloss: 0.0055509	valid_1's binary_logloss: 0.00561892
[900]	valid_0's binary_logloss: 0.00555047	valid_1's binary_logloss: 0.00561853
[1000]	valid_0's binary_logloss: 0.00555018	valid_1's binary_logloss: 0.00561826
Did not meet early stopping. Best iteration is:
[1000]	valid_0's binary_logloss: 0.00555018	valid_1's binary_logloss: 0.00561826
num_leaves, val_score: 0.005618:  80%|########  | 16/20 [02:14<00:32,  8.12s/it]num_leaves, val_score: 0.005618:  85%|########5 | 17/20 [02:14<00:24,  8.24s/it][32m[I 2021-01-11 18:16:51,669][0m Trial 23 finished with value: 0.005618259264948515 and parameters: {'num_leaves': 249}. Best is trial 14 with value: 0.005618167317396328.[0m
num_leaves, val_score: 0.005618:  85%|########5 | 17/20 [02:14<00:24,  8.24s/it]Training until validation scores don't improve for 100 rounds
[100]	valid_0's binary_logloss: 0.0107552	valid_1's binary_logloss: 0.0109082
[200]	valid_0's binary_logloss: 0.0056453	valid_1's binary_logloss: 0.00571449
[300]	valid_0's binary_logloss: 0.00556265	valid_1's binary_logloss: 0.00563051
[400]	valid_0's binary_logloss: 0.00555595	valid_1's binary_logloss: 0.00562404
[500]	valid_0's binary_logloss: 0.00555353	valid_1's binary_logloss: 0.00562167
[600]	valid_0's binary_logloss: 0.00555215	valid_1's binary_logloss: 0.00562035
[700]	valid_0's binary_logloss: 0.00555141	valid_1's binary_logloss: 0.00561955
[800]	valid_0's binary_logloss: 0.0055509	valid_1's binary_logloss: 0.00561892
[900]	valid_0's binary_logloss: 0.00555047	valid_1's binary_logloss: 0.00561853
[1000]	valid_0's binary_logloss: 0.00555018	valid_1's binary_logloss: 0.00561826
Did not meet early stopping. Best iteration is:
[1000]	valid_0's binary_logloss: 0.00555018	valid_1's binary_logloss: 0.00561826
num_leaves, val_score: 0.005618:  85%|########5 | 17/20 [02:23<00:24,  8.24s/it]num_leaves, val_score: 0.005618:  90%|######### | 18/20 [02:23<00:16,  8.22s/it][32m[I 2021-01-11 18:16:59,833][0m Trial 24 finished with value: 0.00561825926494886 and parameters: {'num_leaves': 249}. Best is trial 14 with value: 0.005618167317396328.[0m
num_leaves, val_score: 0.005618:  90%|######### | 18/20 [02:23<00:16,  8.22s/it]Training until validation scores don't improve for 100 rounds
[100]	valid_0's binary_logloss: 0.0133822	valid_1's binary_logloss: 0.0135493
[200]	valid_0's binary_logloss: 0.00576894	valid_1's binary_logloss: 0.00584344
[300]	valid_0's binary_logloss: 0.00556663	valid_1's binary_logloss: 0.00563476
[400]	valid_0's binary_logloss: 0.00555715	valid_1's binary_logloss: 0.00562539
[500]	valid_0's binary_logloss: 0.00555411	valid_1's binary_logloss: 0.00562221
[600]	valid_0's binary_logloss: 0.00555264	valid_1's binary_logloss: 0.00562089
[700]	valid_0's binary_logloss: 0.00555175	valid_1's binary_logloss: 0.00561997
[800]	valid_0's binary_logloss: 0.00555116	valid_1's binary_logloss: 0.00561938
[900]	valid_0's binary_logloss: 0.0055506	valid_1's binary_logloss: 0.00561884
[1000]	valid_0's binary_logloss: 0.00555027	valid_1's binary_logloss: 0.0056184
Did not meet early stopping. Best iteration is:
[1000]	valid_0's binary_logloss: 0.00555027	valid_1's binary_logloss: 0.0056184
