[32m[I 2021-01-11 18:06:58,642][0m A new study created in memory with name: no-name-6100c209-897e-4318-a4d8-a6a4b454f902[0m
  0%|          | 0/7 [00:00<?, ?it/s]feature_fraction, val_score: inf:   0%|          | 0/7 [00:00<?, ?it/s][33m[W 2021-01-11 18:06:58,830][0m Trial 0 failed because of the following error: ValueError('too many values to unpack (expected 4)',)
Traceback (most recent call last):
  File "/usr/local/lib/python3.6/dist-packages/optuna/_optimize.py", line 189, in _run_trial
    value = func(trial)
  File "/usr/local/lib/python3.6/dist-packages/optuna/integration/_lightgbm_tuner/optimize.py", line 318, in __call__
    cv_results = lgb.cv(self.lgbm_params, train_set, **self.lgbm_kwargs)
  File "/usr/local/lib/python3.6/dist-packages/lightgbm/engine.py", line 604, in cv
    evaluation_result_list=res))
  File "/usr/local/lib/python3.6/dist-packages/wandb/integration/lightgbm/__init__.py", line 20, in callback
    recorder(env)
  File "/usr/local/lib/python3.6/dist-packages/lightgbm/callback.py", line 102, in _callback
    _init(env)
  File "/usr/local/lib/python3.6/dist-packages/lightgbm/callback.py", line 96, in _init
    for data_name, eval_name, _, _ in env.evaluation_result_list:
ValueError: too many values to unpack (expected 4)[0m
[32m[I 2021-01-11 18:11:23,928][0m A new study created in memory with name: no-name-38d79ed3-2451-45b0-93fd-99c139320dfa[0m

  0%|          | 0/7 [00:00<?, ?it/s][A
feature_fraction, val_score: inf:   0%|          | 0/7 [00:00<?, ?it/s][A
feature_fraction, val_score: 0.490385:   0%|          | 0/7 [00:01<?, ?it/s][A
feature_fraction, val_score: 0.490385:  14%|#4        | 1/7 [00:01<00:08,  1.50s/it][A[32m[I 2021-01-11 18:11:25,442][0m Trial 0 finished with value: 0.49038470230566283 and parameters: {'feature_fraction': 0.7}. Best is trial 0 with value: 0.49038470230566283.[0m

feature_fraction, val_score: 0.490385:  14%|#4        | 1/7 [00:01<00:08,  1.50s/it][A
feature_fraction, val_score: 0.488147:  14%|#4        | 1/7 [00:02<00:08,  1.50s/it][A
feature_fraction, val_score: 0.488147:  29%|##8       | 2/7 [00:02<00:07,  1.50s/it][A[32m[I 2021-01-11 18:11:26,934][0m Trial 1 finished with value: 0.4881471348932987 and parameters: {'feature_fraction': 0.8}. Best is trial 1 with value: 0.4881471348932987.[0m

feature_fraction, val_score: 0.488147:  29%|##8       | 2/7 [00:02<00:07,  1.50s/it][A
feature_fraction, val_score: 0.488147:  29%|##8       | 2/7 [00:04<00:07,  1.50s/it][A
feature_fraction, val_score: 0.488147:  43%|####2     | 3/7 [00:04<00:06,  1.61s/it][A[32m[I 2021-01-11 18:11:28,685][0m Trial 2 finished with value: 0.49181880131148525 and parameters: {'feature_fraction': 0.8999999999999999}. Best is trial 1 with value: 0.4881471348932987.[0m

feature_fraction, val_score: 0.488147:  43%|####2     | 3/7 [00:04<00:06,  1.61s/it][A
feature_fraction, val_score: 0.485657:  43%|####2     | 3/7 [00:05<00:06,  1.61s/it][A
feature_fraction, val_score: 0.485657:  57%|#####7    | 4/7 [00:05<00:04,  1.37s/it][A[32m[I 2021-01-11 18:11:29,680][0m Trial 3 finished with value: 0.48565674401998926 and parameters: {'feature_fraction': 0.4}. Best is trial 3 with value: 0.48565674401998926.[0m

feature_fraction, val_score: 0.485657:  57%|#####7    | 4/7 [00:05<00:04,  1.37s/it][A
feature_fraction, val_score: 0.485657:  57%|#####7    | 4/7 [00:07<00:04,  1.37s/it][A
feature_fraction, val_score: 0.485657:  71%|#######1  | 5/7 [00:07<00:02,  1.35s/it][A[32m[I 2021-01-11 18:11:30,985][0m Trial 4 finished with value: 0.488694330829291 and parameters: {'feature_fraction': 1.0}. Best is trial 3 with value: 0.48565674401998926.[0m

feature_fraction, val_score: 0.485657:  71%|#######1  | 5/7 [00:07<00:02,  1.35s/it][A
feature_fraction, val_score: 0.485657:  71%|#######1  | 5/7 [00:08<00:02,  1.35s/it][A
feature_fraction, val_score: 0.485657:  86%|########5 | 6/7 [00:08<00:01,  1.53s/it][A[32m[I 2021-01-11 18:11:32,882][0m Trial 5 finished with value: 0.48604977088947227 and parameters: {'feature_fraction': 0.5}. Best is trial 3 with value: 0.48565674401998926.[0m

feature_fraction, val_score: 0.485657:  86%|########5 | 6/7 [00:08<00:01,  1.53s/it][A
feature_fraction, val_score: 0.485657:  86%|########5 | 6/7 [00:10<00:01,  1.53s/it][A
feature_fraction, val_score: 0.485657: 100%|##########| 7/7 [00:10<00:00,  1.54s/it][A[32m[I 2021-01-11 18:11:34,434][0m Trial 6 finished with value: 0.4864710614675101 and parameters: {'feature_fraction': 0.6}. Best is trial 3 with value: 0.48565674401998926.[0m
feature_fraction, val_score: 0.485657: 100%|##########| 7/7 [00:10<00:00,  1.50s/it]

  0%|          | 0/20 [00:00<?, ?it/s][A
num_leaves, val_score: 0.485657:   0%|          | 0/20 [00:00<?, ?it/s][A[32m[I 2021-01-11 18:11:49,454][0m A new study created in memory with name: no-name-d6b1b809-a8f8-4f06-9778-d03573a8462b[0m


  0%|          | 0/7 [00:00<?, ?it/s][A[A

feature_fraction, val_score: inf:   0%|          | 0/7 [00:00<?, ?it/s][A[A[33m[W 2021-01-11 18:11:49,634][0m Trial 0 failed because of the following error: ValueError('too many values to unpack (expected 4)',)
Traceback (most recent call last):
  File "/usr/local/lib/python3.6/dist-packages/optuna/_optimize.py", line 189, in _run_trial
    value = func(trial)
  File "/usr/local/lib/python3.6/dist-packages/optuna/integration/_lightgbm_tuner/optimize.py", line 318, in __call__
    cv_results = lgb.cv(self.lgbm_params, train_set, **self.lgbm_kwargs)
  File "/usr/local/lib/python3.6/dist-packages/lightgbm/engine.py", line 604, in cv
    evaluation_result_list=res))
  File "/usr/local/lib/python3.6/dist-packages/wandb/integration/lightgbm/__init__.py", line 20, in callback
    recorder(env)
  File "/usr/local/lib/python3.6/dist-packages/lightgbm/callback.py", line 102, in _callback
    _init(env)
  File "/usr/local/lib/python3.6/dist-packages/lightgbm/callback.py", line 96, in _init
    for data_name, eval_name, _, _ in env.evaluation_result_list:
ValueError: too many values to unpack (expected 4)[0m
[32m[I 2021-01-11 18:14:02,589][0m A new study created in memory with name: no-name-b3057b99-5d72-430d-818c-06e95d5187fe[0m



  0%|          | 0/7 [00:00<?, ?it/s][A[A[A


feature_fraction, val_score: inf:   0%|          | 0/7 [00:00<?, ?it/s][A[A[ATraining until validation scores don't improve for 100 rounds
[100]	valid_0's binary_logloss: 0.204463	valid_1's binary_logloss: 0.205627
[200]	valid_0's binary_logloss: 0.101571	valid_1's binary_logloss: 0.102164
[300]	valid_0's binary_logloss: 0.0541099	valid_1's binary_logloss: 0.0543836
[400]	valid_0's binary_logloss: 0.0304965	valid_1's binary_logloss: 0.0305298
feature_fraction, val_score: inf:   0%|          | 0/7 [07:05<?, ?it/s]
num_leaves, val_score: 0.485657:   0%|          | 0/20 [02:30<?, ?it/s]
[500]	valid_0's binary_logloss: 0.0186375	valid_1's binary_logloss: 0.0187464
[600]	valid_0's binary_logloss: 0.0125889	valid_1's binary_logloss: 0.0127637
[700]	valid_0's binary_logloss: 0.00939437	valid_1's binary_logloss: 0.00956064
[800]	valid_0's binary_logloss: 0.007719	valid_1's binary_logloss: 0.00783859
[900]	valid_0's binary_logloss: 0.00679609	valid_1's binary_logloss: 0.00690465
[1000]	valid_0's binary_logloss: 0.00628286	valid_1's binary_logloss: 0.00637332
Did not meet early stopping. Best iteration is:
[1000]	valid_0's binary_logloss: 0.00628286	valid_1's binary_logloss: 0.00637332



feature_fraction, val_score: 0.006373:   0%|          | 0/7 [00:04<?, ?it/s][A[A[A


feature_fraction, val_score: 0.006373:  14%|#4        | 1/7 [00:04<00:29,  4.85s/it][A[A[A[32m[I 2021-01-11 18:14:07,458][0m Trial 0 finished with value: 0.006373316696265098 and parameters: {'feature_fraction': 0.5}. Best is trial 0 with value: 0.006373316696265098.[0m



feature_fraction, val_score: 0.006373:  14%|#4        | 1/7 [00:04<00:29,  4.85s/it][A[A[ATraining until validation scores don't improve for 100 rounds
[100]	valid_0's binary_logloss: 0.191257	valid_1's binary_logloss: 0.193538
[200]	valid_0's binary_logloss: 0.090972	valid_1's binary_logloss: 0.0924748
[300]	valid_0's binary_logloss: 0.0466673	valid_1's binary_logloss: 0.0473773
[400]	valid_0's binary_logloss: 0.0258136	valid_1's binary_logloss: 0.026257
[500]	valid_0's binary_logloss: 0.0157031	valid_1's binary_logloss: 0.01593
[600]	valid_0's binary_logloss: 0.0107838	valid_1's binary_logloss: 0.0109646
[700]	valid_0's binary_logloss: 0.00830537	valid_1's binary_logloss: 0.00843943
[800]	valid_0's binary_logloss: 0.00704283	valid_1's binary_logloss: 0.00712691
[900]	valid_0's binary_logloss: 0.00638703	valid_1's binary_logloss: 0.00647137
[1000]	valid_0's binary_logloss: 0.00603535	valid_1's binary_logloss: 0.00611407
Did not meet early stopping. Best iteration is:
[1000]	valid_0's binary_logloss: 0.00603535	valid_1's binary_logloss: 0.00611407



feature_fraction, val_score: 0.006114:  14%|#4        | 1/7 [00:10<00:29,  4.85s/it][A[A[A


feature_fraction, val_score: 0.006114:  29%|##8       | 2/7 [00:10<00:28,  5.61s/it][A[A[A[32m[I 2021-01-11 18:14:13,599][0m Trial 1 finished with value: 0.00611406998055126 and parameters: {'feature_fraction': 0.8999999999999999}. Best is trial 1 with value: 0.00611406998055126.[0m



feature_fraction, val_score: 0.006114:  29%|##8       | 2/7 [00:11<00:28,  5.61s/it][A[A[ATraining until validation scores don't improve for 100 rounds
[100]	valid_0's binary_logloss: 0.195543	valid_1's binary_logloss: 0.1978
[200]	valid_0's binary_logloss: 0.0944692	valid_1's binary_logloss: 0.0951361
[300]	valid_0's binary_logloss: 0.0486151	valid_1's binary_logloss: 0.0485778
[400]	valid_0's binary_logloss: 0.0270202	valid_1's binary_logloss: 0.026987
[500]	valid_0's binary_logloss: 0.0165168	valid_1's binary_logloss: 0.0166199
[600]	valid_0's binary_logloss: 0.0111951	valid_1's binary_logloss: 0.0113263
[700]	valid_0's binary_logloss: 0.00858221	valid_1's binary_logloss: 0.00865052
[800]	valid_0's binary_logloss: 0.00720067	valid_1's binary_logloss: 0.00730632
[900]	valid_0's binary_logloss: 0.00648461	valid_1's binary_logloss: 0.00657869
[1000]	valid_0's binary_logloss: 0.00609303	valid_1's binary_logloss: 0.00618373
Did not meet early stopping. Best iteration is:
[1000]	valid_0's binary_logloss: 0.00609303	valid_1's binary_logloss: 0.00618373



feature_fraction, val_score: 0.006114:  29%|##8       | 2/7 [00:17<00:28,  5.61s/it][A[A[A


feature_fraction, val_score: 0.006114:  43%|####2     | 3/7 [00:17<00:23,  5.82s/it][A[A[A[32m[I 2021-01-11 18:14:19,661][0m Trial 2 finished with value: 0.006183734351373139 and parameters: {'feature_fraction': 0.8}. Best is trial 1 with value: 0.00611406998055126.[0m



feature_fraction, val_score: 0.006114:  43%|####2     | 3/7 [00:17<00:23,  5.82s/it][A[A[ATraining until validation scores don't improve for 100 rounds
[100]	valid_0's binary_logloss: 0.189166	valid_1's binary_logloss: 0.190335
[200]	valid_0's binary_logloss: 0.0893035	valid_1's binary_logloss: 0.0899561
[300]	valid_0's binary_logloss: 0.0453925	valid_1's binary_logloss: 0.0455456
[400]	valid_0's binary_logloss: 0.0250685	valid_1's binary_logloss: 0.0252314
[500]	valid_0's binary_logloss: 0.0151692	valid_1's binary_logloss: 0.0152433
[600]	valid_0's binary_logloss: 0.0104322	valid_1's binary_logloss: 0.0105409
[700]	valid_0's binary_logloss: 0.00815034	valid_1's binary_logloss: 0.00827886
[800]	valid_0's binary_logloss: 0.00695944	valid_1's binary_logloss: 0.00706742
[900]	valid_0's binary_logloss: 0.00634959	valid_1's binary_logloss: 0.00643776
[1000]	valid_0's binary_logloss: 0.00601611	valid_1's binary_logloss: 0.0060987
Did not meet early stopping. Best iteration is:
[1000]	valid_0's binary_logloss: 0.00601611	valid_1's binary_logloss: 0.0060987



feature_fraction, val_score: 0.006099:  43%|####2     | 3/7 [00:22<00:23,  5.82s/it][A[A[A


feature_fraction, val_score: 0.006099:  57%|#####7    | 4/7 [00:22<00:17,  5.76s/it][A[A[A[32m[I 2021-01-11 18:14:25,337][0m Trial 3 finished with value: 0.006098700007278366 and parameters: {'feature_fraction': 1.0}. Best is trial 3 with value: 0.006098700007278366.[0m



feature_fraction, val_score: 0.006099:  57%|#####7    | 4/7 [00:22<00:17,  5.76s/it][A[A[ATraining until validation scores don't improve for 100 rounds
[100]	valid_0's binary_logloss: 0.197296	valid_1's binary_logloss: 0.201977
[200]	valid_0's binary_logloss: 0.0953845	valid_1's binary_logloss: 0.0979298
[300]	valid_0's binary_logloss: 0.050137	valid_1's binary_logloss: 0.0512596
[400]	valid_0's binary_logloss: 0.0278127	valid_1's binary_logloss: 0.0280491
[500]	valid_0's binary_logloss: 0.0168255	valid_1's binary_logloss: 0.0170686
[600]	valid_0's binary_logloss: 0.0114732	valid_1's binary_logloss: 0.0115956
[700]	valid_0's binary_logloss: 0.00871221	valid_1's binary_logloss: 0.0088095
[800]	valid_0's binary_logloss: 0.00729844	valid_1's binary_logloss: 0.00738972
[900]	valid_0's binary_logloss: 0.00654681	valid_1's binary_logloss: 0.00662958
[1000]	valid_0's binary_logloss: 0.00613569	valid_1's binary_logloss: 0.00621635
Did not meet early stopping. Best iteration is:
[1000]	valid_0's binary_logloss: 0.00613569	valid_1's binary_logloss: 0.00621635



feature_fraction, val_score: 0.006099:  57%|#####7    | 4/7 [00:26<00:17,  5.76s/it][A[A[A


feature_fraction, val_score: 0.006099:  71%|#######1  | 5/7 [00:26<00:10,  5.13s/it][A[A[A[32m[I 2021-01-11 18:14:29,348][0m Trial 4 finished with value: 0.0062163468651503925 and parameters: {'feature_fraction': 0.7}. Best is trial 3 with value: 0.006098700007278366.[0m



feature_fraction, val_score: 0.006099:  71%|#######1  | 5/7 [00:26<00:10,  5.13s/it][A[A[ATraining until validation scores don't improve for 100 rounds
[100]	valid_0's binary_logloss: 0.212066	valid_1's binary_logloss: 0.213083
[200]	valid_0's binary_logloss: 0.107891	valid_1's binary_logloss: 0.109428
[300]	valid_0's binary_logloss: 0.0578624	valid_1's binary_logloss: 0.0584382
[400]	valid_0's binary_logloss: 0.032755	valid_1's binary_logloss: 0.0331849
[500]	valid_0's binary_logloss: 0.0200279	valid_1's binary_logloss: 0.0203145
[600]	valid_0's binary_logloss: 0.0135038	valid_1's binary_logloss: 0.0136805
[700]	valid_0's binary_logloss: 0.00998854	valid_1's binary_logloss: 0.0101475
[800]	valid_0's binary_logloss: 0.00810646	valid_1's binary_logloss: 0.00821754
[900]	valid_0's binary_logloss: 0.00704151	valid_1's binary_logloss: 0.00712544
[1000]	valid_0's binary_logloss: 0.00643517	valid_1's binary_logloss: 0.00650953
Did not meet early stopping. Best iteration is:
[1000]	valid_0's binary_logloss: 0.00643517	valid_1's binary_logloss: 0.00650953



feature_fraction, val_score: 0.006099:  71%|#######1  | 5/7 [00:30<00:10,  5.13s/it][A[A[A


feature_fraction, val_score: 0.006099:  86%|########5 | 6/7 [00:30<00:04,  4.57s/it][A[A[A[32m[I 2021-01-11 18:14:32,818][0m Trial 5 finished with value: 0.0065095305410720564 and parameters: {'feature_fraction': 0.4}. Best is trial 3 with value: 0.006098700007278366.[0m



feature_fraction, val_score: 0.006099:  86%|########5 | 6/7 [00:30<00:04,  4.57s/it][A[A[ATraining until validation scores don't improve for 100 rounds
[100]	valid_0's binary_logloss: 0.200194	valid_1's binary_logloss: 0.203406
[200]	valid_0's binary_logloss: 0.0973195	valid_1's binary_logloss: 0.0987386
[300]	valid_0's binary_logloss: 0.0509882	valid_1's binary_logloss: 0.0517328
[400]	valid_0's binary_logloss: 0.0289007	valid_1's binary_logloss: 0.0293545
[500]	valid_0's binary_logloss: 0.0176498	valid_1's binary_logloss: 0.0178533
[600]	valid_0's binary_logloss: 0.011926	valid_1's binary_logloss: 0.0120354
[700]	valid_0's binary_logloss: 0.00900532	valid_1's binary_logloss: 0.00912173
[800]	valid_0's binary_logloss: 0.00749083	valid_1's binary_logloss: 0.00758922
[900]	valid_0's binary_logloss: 0.00666214	valid_1's binary_logloss: 0.00675659
[1000]	valid_0's binary_logloss: 0.0061997	valid_1's binary_logloss: 0.00628074
Did not meet early stopping. Best iteration is:
[1000]	valid_0's binary_logloss: 0.0061997	valid_1's binary_logloss: 0.00628074



feature_fraction, val_score: 0.006099:  86%|########5 | 6/7 [00:34<00:04,  4.57s/it][A[A[A


feature_fraction, val_score: 0.006099: 100%|##########| 7/7 [00:34<00:00,  4.35s/it][A[A[A[32m[I 2021-01-11 18:14:36,725][0m Trial 6 finished with value: 0.006280738076920802 and parameters: {'feature_fraction': 0.6}. Best is trial 3 with value: 0.006098700007278366.[0m
feature_fraction, val_score: 0.006099: 100%|##########| 7/7 [00:34<00:00,  4.88s/it]
  0%|          | 0/20 [00:00<?, ?it/s]num_leaves, val_score: 0.006099:   0%|          | 0/20 [00:00<?, ?it/s]Training until validation scores don't improve for 100 rounds
[100]	valid_0's binary_logloss: 0.0107237	valid_1's binary_logloss: 0.0109051
[200]	valid_0's binary_logloss: 0.00564503	valid_1's binary_logloss: 0.00571601
[300]	valid_0's binary_logloss: 0.0055631	valid_1's binary_logloss: 0.00563169
[400]	valid_0's binary_logloss: 0.00555643	valid_1's binary_logloss: 0.00562496
[500]	valid_0's binary_logloss: 0.00555409	valid_1's binary_logloss: 0.00562243
[600]	valid_0's binary_logloss: 0.00555283	valid_1's binary_logloss: 0.00562108
[700]	valid_0's binary_logloss: 0.00555173	valid_1's binary_logloss: 0.00561997
[800]	valid_0's binary_logloss: 0.00555114	valid_1's binary_logloss: 0.00561933
[900]	valid_0's binary_logloss: 0.00555075	valid_1's binary_logloss: 0.00561896
[1000]	valid_0's binary_logloss: 0.00555041	valid_1's binary_logloss: 0.00561871
Did not meet early stopping. Best iteration is:
[1000]	valid_0's binary_logloss: 0.00555041	valid_1's binary_logloss: 0.00561871
num_leaves, val_score: 0.005619:   0%|          | 0/20 [00:08<?, ?it/s]num_leaves, val_score: 0.005619:   5%|5         | 1/20 [00:08<02:44,  8.66s/it][32m[I 2021-01-11 18:14:45,391][0m Trial 7 finished with value: 0.0056187145117533085 and parameters: {'num_leaves': 252}. Best is trial 7 with value: 0.0056187145117533085.[0m
num_leaves, val_score: 0.005619:   5%|5         | 1/20 [00:08<02:44,  8.66s/it]Training until validation scores don't improve for 100 rounds
[100]	valid_0's binary_logloss: 0.0233116	valid_1's binary_logloss: 0.0236575
[200]	valid_0's binary_logloss: 0.00660393	valid_1's binary_logloss: 0.0066964
[300]	valid_0's binary_logloss: 0.00564272	valid_1's binary_logloss: 0.00572021
[400]	valid_0's binary_logloss: 0.00556309	valid_1's binary_logloss: 0.00563148
[500]	valid_0's binary_logloss: 0.00555656	valid_1's binary_logloss: 0.00562468
[600]	valid_0's binary_logloss: 0.00555402	valid_1's binary_logloss: 0.00562206
[700]	valid_0's binary_logloss: 0.00555262	valid_1's binary_logloss: 0.00562102
[800]	valid_0's binary_logloss: 0.00555165	valid_1's binary_logloss: 0.00561984
[900]	valid_0's binary_logloss: 0.00555104	valid_1's binary_logloss: 0.00561918
[1000]	valid_0's binary_logloss: 0.00555047	valid_1's binary_logloss: 0.00561865
Did not meet early stopping. Best iteration is:
[1000]	valid_0's binary_logloss: 0.00555047	valid_1's binary_logloss: 0.00561865
num_leaves, val_score: 0.005619:   5%|5         | 1/20 [00:18<02:44,  8.66s/it]num_leaves, val_score: 0.005619:  10%|#         | 2/20 [00:18<02:43,  9.07s/it][32m[I 2021-01-11 18:14:54,754][0m Trial 8 finished with value: 0.005618646356552243 and parameters: {'num_leaves': 133}. Best is trial 8 with value: 0.005618646356552243.[0m
num_leaves, val_score: 0.005619:  10%|#         | 2/20 [00:18<02:43,  9.07s/it]Training until validation scores don't improve for 100 rounds
[100]	valid_0's binary_logloss: 0.0112035	valid_1's binary_logloss: 0.0113614
[200]	valid_0's binary_logloss: 0.00566296	valid_1's binary_logloss: 0.00573012
[300]	valid_0's binary_logloss: 0.00556293	valid_1's binary_logloss: 0.00563123
[400]	valid_0's binary_logloss: 0.00555648	valid_1's binary_logloss: 0.00562469
[500]	valid_0's binary_logloss: 0.00555375	valid_1's binary_logloss: 0.00562204
[600]	valid_0's binary_logloss: 0.00555253	valid_1's binary_logloss: 0.00562054
[700]	valid_0's binary_logloss: 0.0055517	valid_1's binary_logloss: 0.00561995
[800]	valid_0's binary_logloss: 0.00555105	valid_1's binary_logloss: 0.00561916
[900]	valid_0's binary_logloss: 0.00555058	valid_1's binary_logloss: 0.00561878
[1000]	valid_0's binary_logloss: 0.00555021	valid_1's binary_logloss: 0.00561838
Did not meet early stopping. Best iteration is:
[1000]	valid_0's binary_logloss: 0.00555021	valid_1's binary_logloss: 0.00561838
num_leaves, val_score: 0.005618:  10%|#         | 2/20 [00:27<02:43,  9.07s/it]num_leaves, val_score: 0.005618:  15%|#5        | 3/20 [00:27<02:39,  9.39s/it][32m[I 2021-01-11 18:15:04,523][0m Trial 9 finished with value: 0.005618382865632847 and parameters: {'num_leaves': 227}. Best is trial 9 with value: 0.005618382865632847.[0m
num_leaves, val_score: 0.005618:  15%|#5        | 3/20 [00:27<02:39,  9.39s/it]Training until validation scores don't improve for 100 rounds
[100]	valid_0's binary_logloss: 0.0107312	valid_1's binary_logloss: 0.0108722
[200]	valid_0's binary_logloss: 0.00564698	valid_1's binary_logloss: 0.00571619
[300]	valid_0's binary_logloss: 0.00556299	valid_1's binary_logloss: 0.00563122
[400]	valid_0's binary_logloss: 0.00555637	valid_1's binary_logloss: 0.00562449
[500]	valid_0's binary_logloss: 0.00555419	valid_1's binary_logloss: 0.00562222
[600]	valid_0's binary_logloss: 0.00555269	valid_1's binary_logloss: 0.00562088
[700]	valid_0's binary_logloss: 0.00555175	valid_1's binary_logloss: 0.00561976
[800]	valid_0's binary_logloss: 0.00555115	valid_1's binary_logloss: 0.00561926
[900]	valid_0's binary_logloss: 0.00555061	valid_1's binary_logloss: 0.00561865
[1000]	valid_0's binary_logloss: 0.00555022	valid_1's binary_logloss: 0.0056183
Did not meet early stopping. Best iteration is:
[1000]	valid_0's binary_logloss: 0.00555022	valid_1's binary_logloss: 0.0056183
